
Chronologic VCS simulator copyright 1991-2011
Contains Synopsys proprietary information.
Compiler version E-2011.03_Full64; Runtime version E-2011.03_Full64;  Apr 21 20:16 2013
VCD+ Writer E-2011.03_Full64 Copyright (c) 1991-2011 by Synopsys Inc.
The file '/afs/umich.edu/user/s/c/scottmel/EECS470/FinalProject/eecs470/vsimp_new/inter.vpd' was opened successfully.
           V C S   S i m u l a t i o n   R e p o r t 
Time: 0
CPU Time:      0.620 seconds;       Data structure size:   0.7Mb
Sun Apr 21 20:17:31 2013
Chronologic VCS simulator copyright 1991-2011
Contains Synopsys proprietary information.
Compiler version E-2011.03_Full64; Runtime version E-2011.03_Full64;  Apr 21 20:17 2013
VCD+ Writer E-2011.03_Full64 Copyright (c) 1991-2011 by Synopsys Inc.
The file '/afs/umich.edu/user/s/c/scottmel/EECS470/FinalProject/eecs470/vsimp_new/inter.vpd' was opened successfully.
@@
@@
@@                     0  Asserting System reset......
@@
@@                     0 : System STILL at reset, can't show anything
@@
@@
@@                    10 : System STILL at reset, can't show anything
@@
@@
@@                    20 : System STILL at reset, can't show anything
@@
@@
@@                    30 : System STILL at reset, can't show anything
@@
@@
@@                    40 : System STILL at reset, can't show anything
@@
@@
@@                    50 : System STILL at reset, can't show anything
@@
@@
@@                    60 : System STILL at reset, can't show anything
@@
@@
@@                    70 : System STILL at reset, can't show anything
@@
@@
@@                    80 : System STILL at reset, can't show anything
@@
@@
@@                    90 : System STILL at reset, can't show anything
@@
@@
@@                   100 : System STILL at reset, can't show anything
@@
@@
@@                   110 : System STILL at reset, can't show anything
@@
@@
@@                   120 : System STILL at reset, can't show anything
@@
@@
@@                   130 : System STILL at reset, can't show anything
@@
@@                   136  Deasserting System reset......
@@
@@
branch_predictor.v, 12 : module branch_decoder(
           V C S   S i m u l a t i o n   R e p o r t 
Time: 2827995
CPU Time:      2.090 seconds;       Data structure size:   0.7Mb
Sun Apr 21 20:20:33 2013
Chronologic VCS simulator copyright 1991-2011
Contains Synopsys proprietary information.
Compiler version E-2011.03_Full64; Runtime version E-2011.03_Full64;  Apr 21 20:20 2013
VCD+ Writer E-2011.03_Full64 Copyright (c) 1991-2011 by Synopsys Inc.
The file '/afs/umich.edu/user/s/c/scottmel/EECS470/FinalProject/eecs470/vsimp_new/inter.vpd' was opened successfully.
=========== Call stack: ============
_ZN2ag10printStackERK7QStringi
_ZN2ag16utilCrashHandlerD1Ev
_ZN2ag10wndConsole23slotExecuteCmdWithFlagsERK7QStringbbbb
_ZN2ag11utilFastTcl6invokeEbbbbbb
_ZN2ag11utilFastTcl10evalAndLogEb
_ZN2ag18wvMarkerHeaderView13moveMarkerCmdER7QStringRNS_10mathUInt64Ej
_ZN2ag12wvScrollView24completeMouseEventsCycleEiib
_ZN2ag12wvScrollView25contentsMouseReleaseEventEP11QMouseEvent
_ZN11QScrollView25viewportMouseReleaseEventEP11QMouseEvent
_ZN11QScrollView11eventFilterEP7QObjectP6QEvent
_ZN7QObject16activate_filtersEP6QEvent
_ZN7QObject5eventEP6QEvent
_ZN7QWidget5eventEP6QEvent
_ZN12QApplication14internalNotifyEP7QObjectP6QEvent
_ZN12QApplication6notifyEP7QObjectP6QEvent
_ZN10EkExtQtApp6notifyEP7QObjectP6QEvent
_ZN2ag9baseQtApp6notifyEP7QObjectP6QEvent
_ZN9QETWidget19translateMouseEventEPK7_XEvent
_ZN12QApplication15x11ProcessEventEP7_XEvent
_ZN10QEventLoop13processEventsEj
_ZN2ag12ovaEventLoop13processEventsEj
_ZN10QEventLoop9enterLoopEv
_ZN10QEventLoop4execEv
run_cci_event_loop
_ZN2ag10ovaAppInst14enterEventLoopEiPPc
main
====================================

