                                                                            D-MEM Bus &
Cycle:      IF      |     ID      |     EX      |     MEM     |     WB      Reg Result
    0:    4:lda     |   0:-       |   0:-       |   0:-       |   0:-       BUS_LOAD  MEM[0] accepted 1
    1:    8:-       |   4:lda     |   0:-       |   0:-       |   0:-       BUS_LOAD  MEM[0] accepted 1
    2:    8:-       |   8:-       |   4:lda     |   0:-       |   0:-       BUS_LOAD  MEM[0] accepted 1
    3:    8:-       |   8:-       |   8:-       |   4:lda     |   0:-       BUS_LOAD  MEM[0] accepted 1
    4:    8:-       |   8:-       |   8:-       |   8:-       |   4:lda     r5=0  BUS_LOAD  MEM[0] accepted 1
    5:    8:lda     |   8:-       |   8:-       |   8:-       |   8:-       BUS_LOAD  MEM[0] accepted 1
    6:   12:-       |   8:lda     |   8:-       |   8:-       |   8:-       BUS_LOAD  MEM[8] accepted 1
    7:   12:-       |  12:-       |   8:lda     |   8:-       |   8:-       BUS_LOAD  MEM[8] accepted 1
    8:   12:-       |  12:-       |  12:-       |   8:lda     |   8:-       BUS_LOAD  MEM[8] accepted 1
    9:   12:-       |  12:-       |  12:-       |  12:-       |   8:lda     r1=4096  BUS_LOAD  MEM[8] accepted 1
   10:   12:mulq    |  12:-       |  12:-       |  12:-       |  12:-       BUS_LOAD  MEM[8] accepted 1
   11:   16:-       |  12:mulq    |  12:-       |  12:-       |  12:-       BUS_LOAD  MEM[8] accepted 1
   12:   16:-       |  16:-       |  12:mulq    |  12:-       |  12:-       BUS_LOAD  MEM[8] accepted 1
   13:   16:-       |  16:-       |  16:-       |  12:mulq    |  12:-       BUS_LOAD  MEM[8] accepted 1
   14:   16:-       |  16:-       |  16:-       |  16:-       |  12:mulq    r2=0  BUS_LOAD  MEM[8] accepted 1
   15:   16:stq     |  16:-       |  16:-       |  16:-       |  16:-       BUS_LOAD  MEM[8] accepted 1
   16:   20:-       |  16:stq     |  16:-       |  16:-       |  16:-       BUS_LOAD  MEM[16] accepted 1
   17:   20:-       |  20:-       |  16:stq     |  16:-       |  16:-       BUS_LOAD  MEM[16] accepted 1
   18:   20:-       |  20:-       |  20:-       |  16:stq     |  16:-       BUS_STORE MEM[4096] = 0 accepted 1
   19:   20:-       |  20:-       |  20:-       |  20:-       |  16:stq     BUS_LOAD  MEM[16] accepted 1
   20:   20:ldq     |  20:-       |  20:-       |  20:-       |  20:-       BUS_LOAD  MEM[16] accepted 1
   21:   24:-       |  20:ldq     |  20:-       |  20:-       |  20:-       BUS_LOAD  MEM[16] accepted 1
   22:   24:-       |  24:-       |  20:ldq     |  20:-       |  20:-       BUS_LOAD  MEM[16] accepted 1
   23:   24:-       |  24:-       |  24:-       |  20:ldq     |  20:-       BUS_LOAD  MEM[4096] accepted 1
   24:   24:-       |  24:-       |  24:-       |  24:-       |  20:ldq     r3=0  BUS_LOAD  MEM[16] accepted 1
   25:   24:stq     |  24:-       |  24:-       |  24:-       |  24:-       BUS_LOAD  MEM[16] accepted 1
   26:   28:-       |  24:stq     |  24:-       |  24:-       |  24:-       BUS_LOAD  MEM[24] accepted 1
   27:   28:-       |  28:-       |  24:stq     |  24:-       |  24:-       BUS_LOAD  MEM[24] accepted 1
   28:   28:-       |  28:-       |  28:-       |  24:stq     |  24:-       BUS_STORE MEM[4352] = 0 accepted 1
   29:   28:-       |  28:-       |  28:-       |  28:-       |  24:stq     BUS_LOAD  MEM[24] accepted 1
   30:   28:addq    |  28:-       |  28:-       |  28:-       |  28:-       BUS_LOAD  MEM[24] accepted 1
   31:   32:-       |  28:addq    |  28:-       |  28:-       |  28:-       BUS_LOAD  MEM[24] accepted 1
   32:   32:-       |  32:-       |  28:addq    |  28:-       |  28:-       BUS_LOAD  MEM[24] accepted 1
   33:   32:-       |  32:-       |  32:-       |  28:addq    |  28:-       BUS_LOAD  MEM[24] accepted 1
   34:   32:-       |  32:-       |  32:-       |  32:-       |  28:addq    r1=4104  BUS_LOAD  MEM[24] accepted 1
   35:   32:addq    |  32:-       |  32:-       |  32:-       |  32:-       BUS_LOAD  MEM[24] accepted 1
   36:   36:-       |  32:addq    |  32:-       |  32:-       |  32:-       BUS_LOAD  MEM[32] accepted 1
   37:   36:-       |  36:-       |  32:addq    |  32:-       |  32:-       BUS_LOAD  MEM[32] accepted 1
   38:   36:-       |  36:-       |  36:-       |  32:addq    |  32:-       BUS_LOAD  MEM[32] accepted 1
   39:   36:-       |  36:-       |  36:-       |  36:-       |  32:addq    r5=1  BUS_LOAD  MEM[32] accepted 1
   40:   36:cmple   |  36:-       |  36:-       |  36:-       |  36:-       BUS_LOAD  MEM[32] accepted 1
   41:   40:-       |  36:cmple   |  36:-       |  36:-       |  36:-       BUS_LOAD  MEM[32] accepted 1
   42:   40:-       |  40:-       |  36:cmple   |  36:-       |  36:-       BUS_LOAD  MEM[32] accepted 1
   43:   40:-       |  40:-       |  40:-       |  36:cmple   |  36:-       BUS_LOAD  MEM[32] accepted 1
   44:   40:-       |  40:-       |  40:-       |  40:-       |  36:cmple   r4=1  BUS_LOAD  MEM[32] accepted 1
   45:   40:bne     |  40:-       |  40:-       |  40:-       |  40:-       BUS_LOAD  MEM[32] accepted 1
   46:   44:-       |  40:bne     |  40:-       |  40:-       |  40:-       BUS_LOAD  MEM[40] accepted 1
   47:   44:-       |  44:-       |  40:bne     |  40:-       |  40:-       BUS_LOAD  MEM[40] accepted 1
   48:   44:-       |  44:-       |  44:-       |  40:bne     |  40:-       BUS_LOAD  MEM[40] accepted 1
   49:   12:-       |  44:-       |  44:-       |  44:-       |  40:bne     BUS_LOAD  MEM[8] accepted 1
   50:   12:mulq    |  12:-       |  44:-       |  44:-       |  44:-       BUS_LOAD  MEM[8] accepted 1
   51:   16:-       |  12:mulq    |  12:-       |  44:-       |  44:-       BUS_LOAD  MEM[8] accepted 1
   52:   16:-       |  16:-       |  12:mulq    |  12:-       |  44:-       BUS_LOAD  MEM[8] accepted 1
   53:   16:-       |  16:-       |  16:-       |  12:mulq    |  12:-       BUS_LOAD  MEM[8] accepted 1
   54:   16:-       |  16:-       |  16:-       |  16:-       |  12:mulq    r2=10  BUS_LOAD  MEM[8] accepted 1
   55:   16:stq     |  16:-       |  16:-       |  16:-       |  16:-       BUS_LOAD  MEM[8] accepted 1
   56:   20:-       |  16:stq     |  16:-       |  16:-       |  16:-       BUS_LOAD  MEM[16] accepted 1
   57:   20:-       |  20:-       |  16:stq     |  16:-       |  16:-       BUS_LOAD  MEM[16] accepted 1
   58:   20:-       |  20:-       |  20:-       |  16:stq     |  16:-       BUS_STORE MEM[4104] = 10 accepted 1
   59:   20:-       |  20:-       |  20:-       |  20:-       |  16:stq     BUS_LOAD  MEM[16] accepted 1
   60:   20:ldq     |  20:-       |  20:-       |  20:-       |  20:-       BUS_LOAD  MEM[16] accepted 1
   61:   24:-       |  20:ldq     |  20:-       |  20:-       |  20:-       BUS_LOAD  MEM[16] accepted 1
   62:   24:-       |  24:-       |  20:ldq     |  20:-       |  20:-       BUS_LOAD  MEM[16] accepted 1
   63:   24:-       |  24:-       |  24:-       |  20:ldq     |  20:-       BUS_LOAD  MEM[4104] accepted 1
   64:   24:-       |  24:-       |  24:-       |  24:-       |  20:ldq     r3=10  BUS_LOAD  MEM[16] accepted 1
   65:   24:stq     |  24:-       |  24:-       |  24:-       |  24:-       BUS_LOAD  MEM[16] accepted 1
   66:   28:-       |  24:stq     |  24:-       |  24:-       |  24:-       BUS_LOAD  MEM[24] accepted 1
   67:   28:-       |  28:-       |  24:stq     |  24:-       |  24:-       BUS_LOAD  MEM[24] accepted 1
   68:   28:-       |  28:-       |  28:-       |  24:stq     |  24:-       BUS_STORE MEM[4360] = 10 accepted 1
   69:   28:-       |  28:-       |  28:-       |  28:-       |  24:stq     BUS_LOAD  MEM[24] accepted 1
   70:   28:addq    |  28:-       |  28:-       |  28:-       |  28:-       BUS_LOAD  MEM[24] accepted 1
   71:   32:-       |  28:addq    |  28:-       |  28:-       |  28:-       BUS_LOAD  MEM[24] accepted 1
   72:   32:-       |  32:-       |  28:addq    |  28:-       |  28:-       BUS_LOAD  MEM[24] accepted 1
   73:   32:-       |  32:-       |  32:-       |  28:addq    |  28:-       BUS_LOAD  MEM[24] accepted 1
   74:   32:-       |  32:-       |  32:-       |  32:-       |  28:addq    r1=4112  BUS_LOAD  MEM[24] accepted 1
   75:   32:addq    |  32:-       |  32:-       |  32:-       |  32:-       BUS_LOAD  MEM[24] accepted 1
   76:   36:-       |  32:addq    |  32:-       |  32:-       |  32:-       BUS_LOAD  MEM[32] accepted 1
   77:   36:-       |  36:-       |  32:addq    |  32:-       |  32:-       BUS_LOAD  MEM[32] accepted 1
   78:   36:-       |  36:-       |  36:-       |  32:addq    |  32:-       BUS_LOAD  MEM[32] accepted 1
   79:   36:-       |  36:-       |  36:-       |  36:-       |  32:addq    r5=2  BUS_LOAD  MEM[32] accepted 1
   80:   36:cmple   |  36:-       |  36:-       |  36:-       |  36:-       BUS_LOAD  MEM[32] accepted 1
   81:   40:-       |  36:cmple   |  36:-       |  36:-       |  36:-       BUS_LOAD  MEM[32] accepted 1
   82:   40:-       |  40:-       |  36:cmple   |  36:-       |  36:-       BUS_LOAD  MEM[32] accepted 1
   83:   40:-       |  40:-       |  40:-       |  36:cmple   |  36:-       BUS_LOAD  MEM[32] accepted 1
   84:   40:-       |  40:-       |  40:-       |  40:-       |  36:cmple   r4=1  BUS_LOAD  MEM[32] accepted 1
   85:   40:bne     |  40:-       |  40:-       |  40:-       |  40:-       BUS_LOAD  MEM[32] accepted 1
   86:   44:-       |  40:bne     |  40:-       |  40:-       |  40:-       BUS_LOAD  MEM[40] accepted 1
   87:   44:-       |  44:-       |  40:bne     |  40:-       |  40:-       BUS_LOAD  MEM[40] accepted 1
   88:   44:-       |  44:-       |  44:-       |  40:bne     |  40:-       BUS_LOAD  MEM[40] accepted 1
   89:   12:-       |  44:-       |  44:-       |  44:-       |  40:bne     BUS_LOAD  MEM[8] accepted 1
   90:   12:mulq    |  12:-       |  44:-       |  44:-       |  44:-       BUS_LOAD  MEM[8] accepted 1
   91:   16:-       |  12:mulq    |  12:-       |  44:-       |  44:-       BUS_LOAD  MEM[8] accepted 1
   92:   16:-       |  16:-       |  12:mulq    |  12:-       |  44:-       BUS_LOAD  MEM[8] accepted 1
   93:   16:-       |  16:-       |  16:-       |  12:mulq    |  12:-       BUS_LOAD  MEM[8] accepted 1
   94:   16:-       |  16:-       |  16:-       |  16:-       |  12:mulq    r2=20  BUS_LOAD  MEM[8] accepted 1
   95:   16:stq     |  16:-       |  16:-       |  16:-       |  16:-       BUS_LOAD  MEM[8] accepted 1
   96:   20:-       |  16:stq     |  16:-       |  16:-       |  16:-       BUS_LOAD  MEM[16] accepted 1
   97:   20:-       |  20:-       |  16:stq     |  16:-       |  16:-       BUS_LOAD  MEM[16] accepted 1
   98:   20:-       |  20:-       |  20:-       |  16:stq     |  16:-       BUS_STORE MEM[4112] = 20 accepted 1
   99:   20:-       |  20:-       |  20:-       |  20:-       |  16:stq     BUS_LOAD  MEM[16] accepted 1
  100:   20:ldq     |  20:-       |  20:-       |  20:-       |  20:-       BUS_LOAD  MEM[16] accepted 1
  101:   24:-       |  20:ldq     |  20:-       |  20:-       |  20:-       BUS_LOAD  MEM[16] accepted 1
  102:   24:-       |  24:-       |  20:ldq     |  20:-       |  20:-       BUS_LOAD  MEM[16] accepted 1
  103:   24:-       |  24:-       |  24:-       |  20:ldq     |  20:-       BUS_LOAD  MEM[4112] accepted 1
  104:   24:-       |  24:-       |  24:-       |  24:-       |  20:ldq     r3=20  BUS_LOAD  MEM[16] accepted 1
  105:   24:stq     |  24:-       |  24:-       |  24:-       |  24:-       BUS_LOAD  MEM[16] accepted 1
  106:   28:-       |  24:stq     |  24:-       |  24:-       |  24:-       BUS_LOAD  MEM[24] accepted 1
  107:   28:-       |  28:-       |  24:stq     |  24:-       |  24:-       BUS_LOAD  MEM[24] accepted 1
  108:   28:-       |  28:-       |  28:-       |  24:stq     |  24:-       BUS_STORE MEM[4368] = 20 accepted 1
  109:   28:-       |  28:-       |  28:-       |  28:-       |  24:stq     BUS_LOAD  MEM[24] accepted 1
  110:   28:addq    |  28:-       |  28:-       |  28:-       |  28:-       BUS_LOAD  MEM[24] accepted 1
  111:   32:-       |  28:addq    |  28:-       |  28:-       |  28:-       BUS_LOAD  MEM[24] accepted 1
  112:   32:-       |  32:-       |  28:addq    |  28:-       |  28:-       BUS_LOAD  MEM[24] accepted 1
  113:   32:-       |  32:-       |  32:-       |  28:addq    |  28:-       BUS_LOAD  MEM[24] accepted 1
  114:   32:-       |  32:-       |  32:-       |  32:-       |  28:addq    r1=4120  BUS_LOAD  MEM[24] accepted 1
  115:   32:addq    |  32:-       |  32:-       |  32:-       |  32:-       BUS_LOAD  MEM[24] accepted 1
  116:   36:-       |  32:addq    |  32:-       |  32:-       |  32:-       BUS_LOAD  MEM[32] accepted 1
  117:   36:-       |  36:-       |  32:addq    |  32:-       |  32:-       BUS_LOAD  MEM[32] accepted 1
  118:   36:-       |  36:-       |  36:-       |  32:addq    |  32:-       BUS_LOAD  MEM[32] accepted 1
  119:   36:-       |  36:-       |  36:-       |  36:-       |  32:addq    r5=3  BUS_LOAD  MEM[32] accepted 1
  120:   36:cmple   |  36:-       |  36:-       |  36:-       |  36:-       BUS_LOAD  MEM[32] accepted 1
  121:   40:-       |  36:cmple   |  36:-       |  36:-       |  36:-       BUS_LOAD  MEM[32] accepted 1
  122:   40:-       |  40:-       |  36:cmple   |  36:-       |  36:-       BUS_LOAD  MEM[32] accepted 1
  123:   40:-       |  40:-       |  40:-       |  36:cmple   |  36:-       BUS_LOAD  MEM[32] accepted 1
  124:   40:-       |  40:-       |  40:-       |  40:-       |  36:cmple   r4=1  BUS_LOAD  MEM[32] accepted 1
  125:   40:bne     |  40:-       |  40:-       |  40:-       |  40:-       BUS_LOAD  MEM[32] accepted 1
  126:   44:-       |  40:bne     |  40:-       |  40:-       |  40:-       BUS_LOAD  MEM[40] accepted 1
  127:   44:-       |  44:-       |  40:bne     |  40:-       |  40:-       BUS_LOAD  MEM[40] accepted 1
  128:   44:-       |  44:-       |  44:-       |  40:bne     |  40:-       BUS_LOAD  MEM[40] accepted 1
  129:   12:-       |  44:-       |  44:-       |  44:-       |  40:bne     BUS_LOAD  MEM[8] accepted 1
  130:   12:mulq    |  12:-       |  44:-       |  44:-       |  44:-       BUS_LOAD  MEM[8] accepted 1
  131:   16:-       |  12:mulq    |  12:-       |  44:-       |  44:-       BUS_LOAD  MEM[8] accepted 1
  132:   16:-       |  16:-       |  12:mulq    |  12:-       |  44:-       BUS_LOAD  MEM[8] accepted 1
  133:   16:-       |  16:-       |  16:-       |  12:mulq    |  12:-       BUS_LOAD  MEM[8] accepted 1
  134:   16:-       |  16:-       |  16:-       |  16:-       |  12:mulq    r2=30  BUS_LOAD  MEM[8] accepted 1
  135:   16:stq     |  16:-       |  16:-       |  16:-       |  16:-       BUS_LOAD  MEM[8] accepted 1
  136:   20:-       |  16:stq     |  16:-       |  16:-       |  16:-       BUS_LOAD  MEM[16] accepted 1
  137:   20:-       |  20:-       |  16:stq     |  16:-       |  16:-       BUS_LOAD  MEM[16] accepted 1
  138:   20:-       |  20:-       |  20:-       |  16:stq     |  16:-       BUS_STORE MEM[4120] = 30 accepted 1
  139:   20:-       |  20:-       |  20:-       |  20:-       |  16:stq     BUS_LOAD  MEM[16] accepted 1
  140:   20:ldq     |  20:-       |  20:-       |  20:-       |  20:-       BUS_LOAD  MEM[16] accepted 1
  141:   24:-       |  20:ldq     |  20:-       |  20:-       |  20:-       BUS_LOAD  MEM[16] accepted 1
  142:   24:-       |  24:-       |  20:ldq     |  20:-       |  20:-       BUS_LOAD  MEM[16] accepted 1
  143:   24:-       |  24:-       |  24:-       |  20:ldq     |  20:-       BUS_LOAD  MEM[4120] accepted 1
  144:   24:-       |  24:-       |  24:-       |  24:-       |  20:ldq     r3=30  BUS_LOAD  MEM[16] accepted 1
  145:   24:stq     |  24:-       |  24:-       |  24:-       |  24:-       BUS_LOAD  MEM[16] accepted 1
  146:   28:-       |  24:stq     |  24:-       |  24:-       |  24:-       BUS_LOAD  MEM[24] accepted 1
  147:   28:-       |  28:-       |  24:stq     |  24:-       |  24:-       BUS_LOAD  MEM[24] accepted 1
  148:   28:-       |  28:-       |  28:-       |  24:stq     |  24:-       BUS_STORE MEM[4376] = 30 accepted 1
  149:   28:-       |  28:-       |  28:-       |  28:-       |  24:stq     BUS_LOAD  MEM[24] accepted 1
  150:   28:addq    |  28:-       |  28:-       |  28:-       |  28:-       BUS_LOAD  MEM[24] accepted 1
  151:   32:-       |  28:addq    |  28:-       |  28:-       |  28:-       BUS_LOAD  MEM[24] accepted 1
  152:   32:-       |  32:-       |  28:addq    |  28:-       |  28:-       BUS_LOAD  MEM[24] accepted 1
  153:   32:-       |  32:-       |  32:-       |  28:addq    |  28:-       BUS_LOAD  MEM[24] accepted 1
  154:   32:-       |  32:-       |  32:-       |  32:-       |  28:addq    r1=4128  BUS_LOAD  MEM[24] accepted 1
  155:   32:addq    |  32:-       |  32:-       |  32:-       |  32:-       BUS_LOAD  MEM[24] accepted 1
  156:   36:-       |  32:addq    |  32:-       |  32:-       |  32:-       BUS_LOAD  MEM[32] accepted 1
  157:   36:-       |  36:-       |  32:addq    |  32:-       |  32:-       BUS_LOAD  MEM[32] accepted 1
  158:   36:-       |  36:-       |  36:-       |  32:addq    |  32:-       BUS_LOAD  MEM[32] accepted 1
  159:   36:-       |  36:-       |  36:-       |  36:-       |  32:addq    r5=4  BUS_LOAD  MEM[32] accepted 1
  160:   36:cmple   |  36:-       |  36:-       |  36:-       |  36:-       BUS_LOAD  MEM[32] accepted 1
  161:   40:-       |  36:cmple   |  36:-       |  36:-       |  36:-       BUS_LOAD  MEM[32] accepted 1
  162:   40:-       |  40:-       |  36:cmple   |  36:-       |  36:-       BUS_LOAD  MEM[32] accepted 1
  163:   40:-       |  40:-       |  40:-       |  36:cmple   |  36:-       BUS_LOAD  MEM[32] accepted 1
  164:   40:-       |  40:-       |  40:-       |  40:-       |  36:cmple   r4=1  BUS_LOAD  MEM[32] accepted 1
  165:   40:bne     |  40:-       |  40:-       |  40:-       |  40:-       BUS_LOAD  MEM[32] accepted 1
  166:   44:-       |  40:bne     |  40:-       |  40:-       |  40:-       BUS_LOAD  MEM[40] accepted 1
  167:   44:-       |  44:-       |  40:bne     |  40:-       |  40:-       BUS_LOAD  MEM[40] accepted 1
  168:   44:-       |  44:-       |  44:-       |  40:bne     |  40:-       BUS_LOAD  MEM[40] accepted 1
  169:   12:-       |  44:-       |  44:-       |  44:-       |  40:bne     BUS_LOAD  MEM[8] accepted 1
  170:   12:mulq    |  12:-       |  44:-       |  44:-       |  44:-       BUS_LOAD  MEM[8] accepted 1
  171:   16:-       |  12:mulq    |  12:-       |  44:-       |  44:-       BUS_LOAD  MEM[8] accepted 1
  172:   16:-       |  16:-       |  12:mulq    |  12:-       |  44:-       BUS_LOAD  MEM[8] accepted 1
  173:   16:-       |  16:-       |  16:-       |  12:mulq    |  12:-       BUS_LOAD  MEM[8] accepted 1
  174:   16:-       |  16:-       |  16:-       |  16:-       |  12:mulq    r2=40  BUS_LOAD  MEM[8] accepted 1
  175:   16:stq     |  16:-       |  16:-       |  16:-       |  16:-       BUS_LOAD  MEM[8] accepted 1
  176:   20:-       |  16:stq     |  16:-       |  16:-       |  16:-       BUS_LOAD  MEM[16] accepted 1
  177:   20:-       |  20:-       |  16:stq     |  16:-       |  16:-       BUS_LOAD  MEM[16] accepted 1
  178:   20:-       |  20:-       |  20:-       |  16:stq     |  16:-       BUS_STORE MEM[4128] = 40 accepted 1
  179:   20:-       |  20:-       |  20:-       |  20:-       |  16:stq     BUS_LOAD  MEM[16] accepted 1
  180:   20:ldq     |  20:-       |  20:-       |  20:-       |  20:-       BUS_LOAD  MEM[16] accepted 1
  181:   24:-       |  20:ldq     |  20:-       |  20:-       |  20:-       BUS_LOAD  MEM[16] accepted 1
  182:   24:-       |  24:-       |  20:ldq     |  20:-       |  20:-       BUS_LOAD  MEM[16] accepted 1
  183:   24:-       |  24:-       |  24:-       |  20:ldq     |  20:-       BUS_LOAD  MEM[4128] accepted 1
  184:   24:-       |  24:-       |  24:-       |  24:-       |  20:ldq     r3=40  BUS_LOAD  MEM[16] accepted 1
  185:   24:stq     |  24:-       |  24:-       |  24:-       |  24:-       BUS_LOAD  MEM[16] accepted 1
  186:   28:-       |  24:stq     |  24:-       |  24:-       |  24:-       BUS_LOAD  MEM[24] accepted 1
  187:   28:-       |  28:-       |  24:stq     |  24:-       |  24:-       BUS_LOAD  MEM[24] accepted 1
  188:   28:-       |  28:-       |  28:-       |  24:stq     |  24:-       BUS_STORE MEM[4384] = 40 accepted 1
  189:   28:-       |  28:-       |  28:-       |  28:-       |  24:stq     BUS_LOAD  MEM[24] accepted 1
  190:   28:addq    |  28:-       |  28:-       |  28:-       |  28:-       BUS_LOAD  MEM[24] accepted 1
  191:   32:-       |  28:addq    |  28:-       |  28:-       |  28:-       BUS_LOAD  MEM[24] accepted 1
  192:   32:-       |  32:-       |  28:addq    |  28:-       |  28:-       BUS_LOAD  MEM[24] accepted 1
  193:   32:-       |  32:-       |  32:-       |  28:addq    |  28:-       BUS_LOAD  MEM[24] accepted 1
  194:   32:-       |  32:-       |  32:-       |  32:-       |  28:addq    r1=4136  BUS_LOAD  MEM[24] accepted 1
  195:   32:addq    |  32:-       |  32:-       |  32:-       |  32:-       BUS_LOAD  MEM[24] accepted 1
  196:   36:-       |  32:addq    |  32:-       |  32:-       |  32:-       BUS_LOAD  MEM[32] accepted 1
  197:   36:-       |  36:-       |  32:addq    |  32:-       |  32:-       BUS_LOAD  MEM[32] accepted 1
  198:   36:-       |  36:-       |  36:-       |  32:addq    |  32:-       BUS_LOAD  MEM[32] accepted 1
  199:   36:-       |  36:-       |  36:-       |  36:-       |  32:addq    r5=5  BUS_LOAD  MEM[32] accepted 1
  200:   36:cmple   |  36:-       |  36:-       |  36:-       |  36:-       BUS_LOAD  MEM[32] accepted 1
  201:   40:-       |  36:cmple   |  36:-       |  36:-       |  36:-       BUS_LOAD  MEM[32] accepted 1
  202:   40:-       |  40:-       |  36:cmple   |  36:-       |  36:-       BUS_LOAD  MEM[32] accepted 1
  203:   40:-       |  40:-       |  40:-       |  36:cmple   |  36:-       BUS_LOAD  MEM[32] accepted 1
  204:   40:-       |  40:-       |  40:-       |  40:-       |  36:cmple   r4=1  BUS_LOAD  MEM[32] accepted 1
  205:   40:bne     |  40:-       |  40:-       |  40:-       |  40:-       BUS_LOAD  MEM[32] accepted 1
  206:   44:-       |  40:bne     |  40:-       |  40:-       |  40:-       BUS_LOAD  MEM[40] accepted 1
  207:   44:-       |  44:-       |  40:bne     |  40:-       |  40:-       BUS_LOAD  MEM[40] accepted 1
  208:   44:-       |  44:-       |  44:-       |  40:bne     |  40:-       BUS_LOAD  MEM[40] accepted 1
  209:   12:-       |  44:-       |  44:-       |  44:-       |  40:bne     BUS_LOAD  MEM[8] accepted 1
  210:   12:mulq    |  12:-       |  44:-       |  44:-       |  44:-       BUS_LOAD  MEM[8] accepted 1
  211:   16:-       |  12:mulq    |  12:-       |  44:-       |  44:-       BUS_LOAD  MEM[8] accepted 1
  212:   16:-       |  16:-       |  12:mulq    |  12:-       |  44:-       BUS_LOAD  MEM[8] accepted 1
  213:   16:-       |  16:-       |  16:-       |  12:mulq    |  12:-       BUS_LOAD  MEM[8] accepted 1
  214:   16:-       |  16:-       |  16:-       |  16:-       |  12:mulq    r2=50  BUS_LOAD  MEM[8] accepted 1
  215:   16:stq     |  16:-       |  16:-       |  16:-       |  16:-       BUS_LOAD  MEM[8] accepted 1
  216:   20:-       |  16:stq     |  16:-       |  16:-       |  16:-       BUS_LOAD  MEM[16] accepted 1
  217:   20:-       |  20:-       |  16:stq     |  16:-       |  16:-       BUS_LOAD  MEM[16] accepted 1
  218:   20:-       |  20:-       |  20:-       |  16:stq     |  16:-       BUS_STORE MEM[4136] = 50 accepted 1
  219:   20:-       |  20:-       |  20:-       |  20:-       |  16:stq     BUS_LOAD  MEM[16] accepted 1
  220:   20:ldq     |  20:-       |  20:-       |  20:-       |  20:-       BUS_LOAD  MEM[16] accepted 1
  221:   24:-       |  20:ldq     |  20:-       |  20:-       |  20:-       BUS_LOAD  MEM[16] accepted 1
  222:   24:-       |  24:-       |  20:ldq     |  20:-       |  20:-       BUS_LOAD  MEM[16] accepted 1
  223:   24:-       |  24:-       |  24:-       |  20:ldq     |  20:-       BUS_LOAD  MEM[4136] accepted 1
  224:   24:-       |  24:-       |  24:-       |  24:-       |  20:ldq     r3=50  BUS_LOAD  MEM[16] accepted 1
  225:   24:stq     |  24:-       |  24:-       |  24:-       |  24:-       BUS_LOAD  MEM[16] accepted 1
  226:   28:-       |  24:stq     |  24:-       |  24:-       |  24:-       BUS_LOAD  MEM[24] accepted 1
  227:   28:-       |  28:-       |  24:stq     |  24:-       |  24:-       BUS_LOAD  MEM[24] accepted 1
  228:   28:-       |  28:-       |  28:-       |  24:stq     |  24:-       BUS_STORE MEM[4392] = 50 accepted 1
  229:   28:-       |  28:-       |  28:-       |  28:-       |  24:stq     BUS_LOAD  MEM[24] accepted 1
  230:   28:addq    |  28:-       |  28:-       |  28:-       |  28:-       BUS_LOAD  MEM[24] accepted 1
  231:   32:-       |  28:addq    |  28:-       |  28:-       |  28:-       BUS_LOAD  MEM[24] accepted 1
  232:   32:-       |  32:-       |  28:addq    |  28:-       |  28:-       BUS_LOAD  MEM[24] accepted 1
  233:   32:-       |  32:-       |  32:-       |  28:addq    |  28:-       BUS_LOAD  MEM[24] accepted 1
  234:   32:-       |  32:-       |  32:-       |  32:-       |  28:addq    r1=4144  BUS_LOAD  MEM[24] accepted 1
  235:   32:addq    |  32:-       |  32:-       |  32:-       |  32:-       BUS_LOAD  MEM[24] accepted 1
  236:   36:-       |  32:addq    |  32:-       |  32:-       |  32:-       BUS_LOAD  MEM[32] accepted 1
  237:   36:-       |  36:-       |  32:addq    |  32:-       |  32:-       BUS_LOAD  MEM[32] accepted 1
  238:   36:-       |  36:-       |  36:-       |  32:addq    |  32:-       BUS_LOAD  MEM[32] accepted 1
  239:   36:-       |  36:-       |  36:-       |  36:-       |  32:addq    r5=6  BUS_LOAD  MEM[32] accepted 1
  240:   36:cmple   |  36:-       |  36:-       |  36:-       |  36:-       BUS_LOAD  MEM[32] accepted 1
  241:   40:-       |  36:cmple   |  36:-       |  36:-       |  36:-       BUS_LOAD  MEM[32] accepted 1
  242:   40:-       |  40:-       |  36:cmple   |  36:-       |  36:-       BUS_LOAD  MEM[32] accepted 1
  243:   40:-       |  40:-       |  40:-       |  36:cmple   |  36:-       BUS_LOAD  MEM[32] accepted 1
  244:   40:-       |  40:-       |  40:-       |  40:-       |  36:cmple   r4=1  BUS_LOAD  MEM[32] accepted 1
  245:   40:bne     |  40:-       |  40:-       |  40:-       |  40:-       BUS_LOAD  MEM[32] accepted 1
  246:   44:-       |  40:bne     |  40:-       |  40:-       |  40:-       BUS_LOAD  MEM[40] accepted 1
  247:   44:-       |  44:-       |  40:bne     |  40:-       |  40:-       BUS_LOAD  MEM[40] accepted 1
  248:   44:-       |  44:-       |  44:-       |  40:bne     |  40:-       BUS_LOAD  MEM[40] accepted 1
  249:   12:-       |  44:-       |  44:-       |  44:-       |  40:bne     BUS_LOAD  MEM[8] accepted 1
  250:   12:mulq    |  12:-       |  44:-       |  44:-       |  44:-       BUS_LOAD  MEM[8] accepted 1
  251:   16:-       |  12:mulq    |  12:-       |  44:-       |  44:-       BUS_LOAD  MEM[8] accepted 1
  252:   16:-       |  16:-       |  12:mulq    |  12:-       |  44:-       BUS_LOAD  MEM[8] accepted 1
  253:   16:-       |  16:-       |  16:-       |  12:mulq    |  12:-       BUS_LOAD  MEM[8] accepted 1
  254:   16:-       |  16:-       |  16:-       |  16:-       |  12:mulq    r2=60  BUS_LOAD  MEM[8] accepted 1
  255:   16:stq     |  16:-       |  16:-       |  16:-       |  16:-       BUS_LOAD  MEM[8] accepted 1
  256:   20:-       |  16:stq     |  16:-       |  16:-       |  16:-       BUS_LOAD  MEM[16] accepted 1
  257:   20:-       |  20:-       |  16:stq     |  16:-       |  16:-       BUS_LOAD  MEM[16] accepted 1
  258:   20:-       |  20:-       |  20:-       |  16:stq     |  16:-       BUS_STORE MEM[4144] = 60 accepted 1
  259:   20:-       |  20:-       |  20:-       |  20:-       |  16:stq     BUS_LOAD  MEM[16] accepted 1
  260:   20:ldq     |  20:-       |  20:-       |  20:-       |  20:-       BUS_LOAD  MEM[16] accepted 1
  261:   24:-       |  20:ldq     |  20:-       |  20:-       |  20:-       BUS_LOAD  MEM[16] accepted 1
  262:   24:-       |  24:-       |  20:ldq     |  20:-       |  20:-       BUS_LOAD  MEM[16] accepted 1
  263:   24:-       |  24:-       |  24:-       |  20:ldq     |  20:-       BUS_LOAD  MEM[4144] accepted 1
  264:   24:-       |  24:-       |  24:-       |  24:-       |  20:ldq     r3=60  BUS_LOAD  MEM[16] accepted 1
  265:   24:stq     |  24:-       |  24:-       |  24:-       |  24:-       BUS_LOAD  MEM[16] accepted 1
  266:   28:-       |  24:stq     |  24:-       |  24:-       |  24:-       BUS_LOAD  MEM[24] accepted 1
  267:   28:-       |  28:-       |  24:stq     |  24:-       |  24:-       BUS_LOAD  MEM[24] accepted 1
  268:   28:-       |  28:-       |  28:-       |  24:stq     |  24:-       BUS_STORE MEM[4400] = 60 accepted 1
  269:   28:-       |  28:-       |  28:-       |  28:-       |  24:stq     BUS_LOAD  MEM[24] accepted 1
  270:   28:addq    |  28:-       |  28:-       |  28:-       |  28:-       BUS_LOAD  MEM[24] accepted 1
  271:   32:-       |  28:addq    |  28:-       |  28:-       |  28:-       BUS_LOAD  MEM[24] accepted 1
  272:   32:-       |  32:-       |  28:addq    |  28:-       |  28:-       BUS_LOAD  MEM[24] accepted 1
  273:   32:-       |  32:-       |  32:-       |  28:addq    |  28:-       BUS_LOAD  MEM[24] accepted 1
  274:   32:-       |  32:-       |  32:-       |  32:-       |  28:addq    r1=4152  BUS_LOAD  MEM[24] accepted 1
  275:   32:addq    |  32:-       |  32:-       |  32:-       |  32:-       BUS_LOAD  MEM[24] accepted 1
  276:   36:-       |  32:addq    |  32:-       |  32:-       |  32:-       BUS_LOAD  MEM[32] accepted 1
  277:   36:-       |  36:-       |  32:addq    |  32:-       |  32:-       BUS_LOAD  MEM[32] accepted 1
  278:   36:-       |  36:-       |  36:-       |  32:addq    |  32:-       BUS_LOAD  MEM[32] accepted 1
  279:   36:-       |  36:-       |  36:-       |  36:-       |  32:addq    r5=7  BUS_LOAD  MEM[32] accepted 1
  280:   36:cmple   |  36:-       |  36:-       |  36:-       |  36:-       BUS_LOAD  MEM[32] accepted 1
  281:   40:-       |  36:cmple   |  36:-       |  36:-       |  36:-       BUS_LOAD  MEM[32] accepted 1
  282:   40:-       |  40:-       |  36:cmple   |  36:-       |  36:-       BUS_LOAD  MEM[32] accepted 1
  283:   40:-       |  40:-       |  40:-       |  36:cmple   |  36:-       BUS_LOAD  MEM[32] accepted 1
  284:   40:-       |  40:-       |  40:-       |  40:-       |  36:cmple   r4=1  BUS_LOAD  MEM[32] accepted 1
  285:   40:bne     |  40:-       |  40:-       |  40:-       |  40:-       BUS_LOAD  MEM[32] accepted 1
  286:   44:-       |  40:bne     |  40:-       |  40:-       |  40:-       BUS_LOAD  MEM[40] accepted 1
  287:   44:-       |  44:-       |  40:bne     |  40:-       |  40:-       BUS_LOAD  MEM[40] accepted 1
  288:   44:-       |  44:-       |  44:-       |  40:bne     |  40:-       BUS_LOAD  MEM[40] accepted 1
  289:   12:-       |  44:-       |  44:-       |  44:-       |  40:bne     BUS_LOAD  MEM[8] accepted 1
  290:   12:mulq    |  12:-       |  44:-       |  44:-       |  44:-       BUS_LOAD  MEM[8] accepted 1
  291:   16:-       |  12:mulq    |  12:-       |  44:-       |  44:-       BUS_LOAD  MEM[8] accepted 1
  292:   16:-       |  16:-       |  12:mulq    |  12:-       |  44:-       BUS_LOAD  MEM[8] accepted 1
  293:   16:-       |  16:-       |  16:-       |  12:mulq    |  12:-       BUS_LOAD  MEM[8] accepted 1
  294:   16:-       |  16:-       |  16:-       |  16:-       |  12:mulq    r2=70  BUS_LOAD  MEM[8] accepted 1
  295:   16:stq     |  16:-       |  16:-       |  16:-       |  16:-       BUS_LOAD  MEM[8] accepted 1
  296:   20:-       |  16:stq     |  16:-       |  16:-       |  16:-       BUS_LOAD  MEM[16] accepted 1
  297:   20:-       |  20:-       |  16:stq     |  16:-       |  16:-       BUS_LOAD  MEM[16] accepted 1
  298:   20:-       |  20:-       |  20:-       |  16:stq     |  16:-       BUS_STORE MEM[4152] = 70 accepted 1
  299:   20:-       |  20:-       |  20:-       |  20:-       |  16:stq     BUS_LOAD  MEM[16] accepted 1
  300:   20:ldq     |  20:-       |  20:-       |  20:-       |  20:-       BUS_LOAD  MEM[16] accepted 1
  301:   24:-       |  20:ldq     |  20:-       |  20:-       |  20:-       BUS_LOAD  MEM[16] accepted 1
  302:   24:-       |  24:-       |  20:ldq     |  20:-       |  20:-       BUS_LOAD  MEM[16] accepted 1
  303:   24:-       |  24:-       |  24:-       |  20:ldq     |  20:-       BUS_LOAD  MEM[4152] accepted 1
  304:   24:-       |  24:-       |  24:-       |  24:-       |  20:ldq     r3=70  BUS_LOAD  MEM[16] accepted 1
  305:   24:stq     |  24:-       |  24:-       |  24:-       |  24:-       BUS_LOAD  MEM[16] accepted 1
  306:   28:-       |  24:stq     |  24:-       |  24:-       |  24:-       BUS_LOAD  MEM[24] accepted 1
  307:   28:-       |  28:-       |  24:stq     |  24:-       |  24:-       BUS_LOAD  MEM[24] accepted 1
  308:   28:-       |  28:-       |  28:-       |  24:stq     |  24:-       BUS_STORE MEM[4408] = 70 accepted 1
  309:   28:-       |  28:-       |  28:-       |  28:-       |  24:stq     BUS_LOAD  MEM[24] accepted 1
  310:   28:addq    |  28:-       |  28:-       |  28:-       |  28:-       BUS_LOAD  MEM[24] accepted 1
  311:   32:-       |  28:addq    |  28:-       |  28:-       |  28:-       BUS_LOAD  MEM[24] accepted 1
  312:   32:-       |  32:-       |  28:addq    |  28:-       |  28:-       BUS_LOAD  MEM[24] accepted 1
  313:   32:-       |  32:-       |  32:-       |  28:addq    |  28:-       BUS_LOAD  MEM[24] accepted 1
  314:   32:-       |  32:-       |  32:-       |  32:-       |  28:addq    r1=4160  BUS_LOAD  MEM[24] accepted 1
  315:   32:addq    |  32:-       |  32:-       |  32:-       |  32:-       BUS_LOAD  MEM[24] accepted 1
  316:   36:-       |  32:addq    |  32:-       |  32:-       |  32:-       BUS_LOAD  MEM[32] accepted 1
  317:   36:-       |  36:-       |  32:addq    |  32:-       |  32:-       BUS_LOAD  MEM[32] accepted 1
  318:   36:-       |  36:-       |  36:-       |  32:addq    |  32:-       BUS_LOAD  MEM[32] accepted 1
  319:   36:-       |  36:-       |  36:-       |  36:-       |  32:addq    r5=8  BUS_LOAD  MEM[32] accepted 1
  320:   36:cmple   |  36:-       |  36:-       |  36:-       |  36:-       BUS_LOAD  MEM[32] accepted 1
  321:   40:-       |  36:cmple   |  36:-       |  36:-       |  36:-       BUS_LOAD  MEM[32] accepted 1
  322:   40:-       |  40:-       |  36:cmple   |  36:-       |  36:-       BUS_LOAD  MEM[32] accepted 1
  323:   40:-       |  40:-       |  40:-       |  36:cmple   |  36:-       BUS_LOAD  MEM[32] accepted 1
  324:   40:-       |  40:-       |  40:-       |  40:-       |  36:cmple   r4=1  BUS_LOAD  MEM[32] accepted 1
  325:   40:bne     |  40:-       |  40:-       |  40:-       |  40:-       BUS_LOAD  MEM[32] accepted 1
  326:   44:-       |  40:bne     |  40:-       |  40:-       |  40:-       BUS_LOAD  MEM[40] accepted 1
  327:   44:-       |  44:-       |  40:bne     |  40:-       |  40:-       BUS_LOAD  MEM[40] accepted 1
  328:   44:-       |  44:-       |  44:-       |  40:bne     |  40:-       BUS_LOAD  MEM[40] accepted 1
  329:   12:-       |  44:-       |  44:-       |  44:-       |  40:bne     BUS_LOAD  MEM[8] accepted 1
  330:   12:mulq    |  12:-       |  44:-       |  44:-       |  44:-       BUS_LOAD  MEM[8] accepted 1
  331:   16:-       |  12:mulq    |  12:-       |  44:-       |  44:-       BUS_LOAD  MEM[8] accepted 1
  332:   16:-       |  16:-       |  12:mulq    |  12:-       |  44:-       BUS_LOAD  MEM[8] accepted 1
  333:   16:-       |  16:-       |  16:-       |  12:mulq    |  12:-       BUS_LOAD  MEM[8] accepted 1
  334:   16:-       |  16:-       |  16:-       |  16:-       |  12:mulq    r2=80  BUS_LOAD  MEM[8] accepted 1
  335:   16:stq     |  16:-       |  16:-       |  16:-       |  16:-       BUS_LOAD  MEM[8] accepted 1
  336:   20:-       |  16:stq     |  16:-       |  16:-       |  16:-       BUS_LOAD  MEM[16] accepted 1
  337:   20:-       |  20:-       |  16:stq     |  16:-       |  16:-       BUS_LOAD  MEM[16] accepted 1
  338:   20:-       |  20:-       |  20:-       |  16:stq     |  16:-       BUS_STORE MEM[4160] = 80 accepted 1
  339:   20:-       |  20:-       |  20:-       |  20:-       |  16:stq     BUS_LOAD  MEM[16] accepted 1
  340:   20:ldq     |  20:-       |  20:-       |  20:-       |  20:-       BUS_LOAD  MEM[16] accepted 1
  341:   24:-       |  20:ldq     |  20:-       |  20:-       |  20:-       BUS_LOAD  MEM[16] accepted 1
  342:   24:-       |  24:-       |  20:ldq     |  20:-       |  20:-       BUS_LOAD  MEM[16] accepted 1
  343:   24:-       |  24:-       |  24:-       |  20:ldq     |  20:-       BUS_LOAD  MEM[4160] accepted 1
  344:   24:-       |  24:-       |  24:-       |  24:-       |  20:ldq     r3=80  BUS_LOAD  MEM[16] accepted 1
  345:   24:stq     |  24:-       |  24:-       |  24:-       |  24:-       BUS_LOAD  MEM[16] accepted 1
  346:   28:-       |  24:stq     |  24:-       |  24:-       |  24:-       BUS_LOAD  MEM[24] accepted 1
  347:   28:-       |  28:-       |  24:stq     |  24:-       |  24:-       BUS_LOAD  MEM[24] accepted 1
  348:   28:-       |  28:-       |  28:-       |  24:stq     |  24:-       BUS_STORE MEM[4416] = 80 accepted 1
  349:   28:-       |  28:-       |  28:-       |  28:-       |  24:stq     BUS_LOAD  MEM[24] accepted 1
  350:   28:addq    |  28:-       |  28:-       |  28:-       |  28:-       BUS_LOAD  MEM[24] accepted 1
  351:   32:-       |  28:addq    |  28:-       |  28:-       |  28:-       BUS_LOAD  MEM[24] accepted 1
  352:   32:-       |  32:-       |  28:addq    |  28:-       |  28:-       BUS_LOAD  MEM[24] accepted 1
  353:   32:-       |  32:-       |  32:-       |  28:addq    |  28:-       BUS_LOAD  MEM[24] accepted 1
  354:   32:-       |  32:-       |  32:-       |  32:-       |  28:addq    r1=4168  BUS_LOAD  MEM[24] accepted 1
  355:   32:addq    |  32:-       |  32:-       |  32:-       |  32:-       BUS_LOAD  MEM[24] accepted 1
  356:   36:-       |  32:addq    |  32:-       |  32:-       |  32:-       BUS_LOAD  MEM[32] accepted 1
  357:   36:-       |  36:-       |  32:addq    |  32:-       |  32:-       BUS_LOAD  MEM[32] accepted 1
  358:   36:-       |  36:-       |  36:-       |  32:addq    |  32:-       BUS_LOAD  MEM[32] accepted 1
  359:   36:-       |  36:-       |  36:-       |  36:-       |  32:addq    r5=9  BUS_LOAD  MEM[32] accepted 1
  360:   36:cmple   |  36:-       |  36:-       |  36:-       |  36:-       BUS_LOAD  MEM[32] accepted 1
  361:   40:-       |  36:cmple   |  36:-       |  36:-       |  36:-       BUS_LOAD  MEM[32] accepted 1
  362:   40:-       |  40:-       |  36:cmple   |  36:-       |  36:-       BUS_LOAD  MEM[32] accepted 1
  363:   40:-       |  40:-       |  40:-       |  36:cmple   |  36:-       BUS_LOAD  MEM[32] accepted 1
  364:   40:-       |  40:-       |  40:-       |  40:-       |  36:cmple   r4=1  BUS_LOAD  MEM[32] accepted 1
  365:   40:bne     |  40:-       |  40:-       |  40:-       |  40:-       BUS_LOAD  MEM[32] accepted 1
  366:   44:-       |  40:bne     |  40:-       |  40:-       |  40:-       BUS_LOAD  MEM[40] accepted 1
  367:   44:-       |  44:-       |  40:bne     |  40:-       |  40:-       BUS_LOAD  MEM[40] accepted 1
  368:   44:-       |  44:-       |  44:-       |  40:bne     |  40:-       BUS_LOAD  MEM[40] accepted 1
  369:   12:-       |  44:-       |  44:-       |  44:-       |  40:bne     BUS_LOAD  MEM[8] accepted 1
  370:   12:mulq    |  12:-       |  44:-       |  44:-       |  44:-       BUS_LOAD  MEM[8] accepted 1
  371:   16:-       |  12:mulq    |  12:-       |  44:-       |  44:-       BUS_LOAD  MEM[8] accepted 1
  372:   16:-       |  16:-       |  12:mulq    |  12:-       |  44:-       BUS_LOAD  MEM[8] accepted 1
  373:   16:-       |  16:-       |  16:-       |  12:mulq    |  12:-       BUS_LOAD  MEM[8] accepted 1
  374:   16:-       |  16:-       |  16:-       |  16:-       |  12:mulq    r2=90  BUS_LOAD  MEM[8] accepted 1
  375:   16:stq     |  16:-       |  16:-       |  16:-       |  16:-       BUS_LOAD  MEM[8] accepted 1
  376:   20:-       |  16:stq     |  16:-       |  16:-       |  16:-       BUS_LOAD  MEM[16] accepted 1
  377:   20:-       |  20:-       |  16:stq     |  16:-       |  16:-       BUS_LOAD  MEM[16] accepted 1
  378:   20:-       |  20:-       |  20:-       |  16:stq     |  16:-       BUS_STORE MEM[4168] = 90 accepted 1
  379:   20:-       |  20:-       |  20:-       |  20:-       |  16:stq     BUS_LOAD  MEM[16] accepted 1
  380:   20:ldq     |  20:-       |  20:-       |  20:-       |  20:-       BUS_LOAD  MEM[16] accepted 1
  381:   24:-       |  20:ldq     |  20:-       |  20:-       |  20:-       BUS_LOAD  MEM[16] accepted 1
  382:   24:-       |  24:-       |  20:ldq     |  20:-       |  20:-       BUS_LOAD  MEM[16] accepted 1
  383:   24:-       |  24:-       |  24:-       |  20:ldq     |  20:-       BUS_LOAD  MEM[4168] accepted 1
  384:   24:-       |  24:-       |  24:-       |  24:-       |  20:ldq     r3=90  BUS_LOAD  MEM[16] accepted 1
  385:   24:stq     |  24:-       |  24:-       |  24:-       |  24:-       BUS_LOAD  MEM[16] accepted 1
  386:   28:-       |  24:stq     |  24:-       |  24:-       |  24:-       BUS_LOAD  MEM[24] accepted 1
  387:   28:-       |  28:-       |  24:stq     |  24:-       |  24:-       BUS_LOAD  MEM[24] accepted 1
  388:   28:-       |  28:-       |  28:-       |  24:stq     |  24:-       BUS_STORE MEM[4424] = 90 accepted 1
  389:   28:-       |  28:-       |  28:-       |  28:-       |  24:stq     BUS_LOAD  MEM[24] accepted 1
  390:   28:addq    |  28:-       |  28:-       |  28:-       |  28:-       BUS_LOAD  MEM[24] accepted 1
  391:   32:-       |  28:addq    |  28:-       |  28:-       |  28:-       BUS_LOAD  MEM[24] accepted 1
  392:   32:-       |  32:-       |  28:addq    |  28:-       |  28:-       BUS_LOAD  MEM[24] accepted 1
  393:   32:-       |  32:-       |  32:-       |  28:addq    |  28:-       BUS_LOAD  MEM[24] accepted 1
  394:   32:-       |  32:-       |  32:-       |  32:-       |  28:addq    r1=4176  BUS_LOAD  MEM[24] accepted 1
  395:   32:addq    |  32:-       |  32:-       |  32:-       |  32:-       BUS_LOAD  MEM[24] accepted 1
  396:   36:-       |  32:addq    |  32:-       |  32:-       |  32:-       BUS_LOAD  MEM[32] accepted 1
  397:   36:-       |  36:-       |  32:addq    |  32:-       |  32:-       BUS_LOAD  MEM[32] accepted 1
  398:   36:-       |  36:-       |  36:-       |  32:addq    |  32:-       BUS_LOAD  MEM[32] accepted 1
  399:   36:-       |  36:-       |  36:-       |  36:-       |  32:addq    r5=10  BUS_LOAD  MEM[32] accepted 1
  400:   36:cmple   |  36:-       |  36:-       |  36:-       |  36:-       BUS_LOAD  MEM[32] accepted 1
  401:   40:-       |  36:cmple   |  36:-       |  36:-       |  36:-       BUS_LOAD  MEM[32] accepted 1
  402:   40:-       |  40:-       |  36:cmple   |  36:-       |  36:-       BUS_LOAD  MEM[32] accepted 1
  403:   40:-       |  40:-       |  40:-       |  36:cmple   |  36:-       BUS_LOAD  MEM[32] accepted 1
  404:   40:-       |  40:-       |  40:-       |  40:-       |  36:cmple   r4=1  BUS_LOAD  MEM[32] accepted 1
  405:   40:bne     |  40:-       |  40:-       |  40:-       |  40:-       BUS_LOAD  MEM[32] accepted 1
  406:   44:-       |  40:bne     |  40:-       |  40:-       |  40:-       BUS_LOAD  MEM[40] accepted 1
  407:   44:-       |  44:-       |  40:bne     |  40:-       |  40:-       BUS_LOAD  MEM[40] accepted 1
  408:   44:-       |  44:-       |  44:-       |  40:bne     |  40:-       BUS_LOAD  MEM[40] accepted 1
  409:   12:-       |  44:-       |  44:-       |  44:-       |  40:bne     BUS_LOAD  MEM[8] accepted 1
  410:   12:mulq    |  12:-       |  44:-       |  44:-       |  44:-       BUS_LOAD  MEM[8] accepted 1
  411:   16:-       |  12:mulq    |  12:-       |  44:-       |  44:-       BUS_LOAD  MEM[8] accepted 1
  412:   16:-       |  16:-       |  12:mulq    |  12:-       |  44:-       BUS_LOAD  MEM[8] accepted 1
  413:   16:-       |  16:-       |  16:-       |  12:mulq    |  12:-       BUS_LOAD  MEM[8] accepted 1
  414:   16:-       |  16:-       |  16:-       |  16:-       |  12:mulq    r2=100  BUS_LOAD  MEM[8] accepted 1
  415:   16:stq     |  16:-       |  16:-       |  16:-       |  16:-       BUS_LOAD  MEM[8] accepted 1
  416:   20:-       |  16:stq     |  16:-       |  16:-       |  16:-       BUS_LOAD  MEM[16] accepted 1
  417:   20:-       |  20:-       |  16:stq     |  16:-       |  16:-       BUS_LOAD  MEM[16] accepted 1
  418:   20:-       |  20:-       |  20:-       |  16:stq     |  16:-       BUS_STORE MEM[4176] = 100 accepted 1
  419:   20:-       |  20:-       |  20:-       |  20:-       |  16:stq     BUS_LOAD  MEM[16] accepted 1
  420:   20:ldq     |  20:-       |  20:-       |  20:-       |  20:-       BUS_LOAD  MEM[16] accepted 1
  421:   24:-       |  20:ldq     |  20:-       |  20:-       |  20:-       BUS_LOAD  MEM[16] accepted 1
  422:   24:-       |  24:-       |  20:ldq     |  20:-       |  20:-       BUS_LOAD  MEM[16] accepted 1
  423:   24:-       |  24:-       |  24:-       |  20:ldq     |  20:-       BUS_LOAD  MEM[4176] accepted 1
  424:   24:-       |  24:-       |  24:-       |  24:-       |  20:ldq     r3=100  BUS_LOAD  MEM[16] accepted 1
  425:   24:stq     |  24:-       |  24:-       |  24:-       |  24:-       BUS_LOAD  MEM[16] accepted 1
  426:   28:-       |  24:stq     |  24:-       |  24:-       |  24:-       BUS_LOAD  MEM[24] accepted 1
  427:   28:-       |  28:-       |  24:stq     |  24:-       |  24:-       BUS_LOAD  MEM[24] accepted 1
  428:   28:-       |  28:-       |  28:-       |  24:stq     |  24:-       BUS_STORE MEM[4432] = 100 accepted 1
  429:   28:-       |  28:-       |  28:-       |  28:-       |  24:stq     BUS_LOAD  MEM[24] accepted 1
  430:   28:addq    |  28:-       |  28:-       |  28:-       |  28:-       BUS_LOAD  MEM[24] accepted 1
  431:   32:-       |  28:addq    |  28:-       |  28:-       |  28:-       BUS_LOAD  MEM[24] accepted 1
  432:   32:-       |  32:-       |  28:addq    |  28:-       |  28:-       BUS_LOAD  MEM[24] accepted 1
  433:   32:-       |  32:-       |  32:-       |  28:addq    |  28:-       BUS_LOAD  MEM[24] accepted 1
  434:   32:-       |  32:-       |  32:-       |  32:-       |  28:addq    r1=4184  BUS_LOAD  MEM[24] accepted 1
  435:   32:addq    |  32:-       |  32:-       |  32:-       |  32:-       BUS_LOAD  MEM[24] accepted 1
  436:   36:-       |  32:addq    |  32:-       |  32:-       |  32:-       BUS_LOAD  MEM[32] accepted 1
  437:   36:-       |  36:-       |  32:addq    |  32:-       |  32:-       BUS_LOAD  MEM[32] accepted 1
  438:   36:-       |  36:-       |  36:-       |  32:addq    |  32:-       BUS_LOAD  MEM[32] accepted 1
  439:   36:-       |  36:-       |  36:-       |  36:-       |  32:addq    r5=11  BUS_LOAD  MEM[32] accepted 1
  440:   36:cmple   |  36:-       |  36:-       |  36:-       |  36:-       BUS_LOAD  MEM[32] accepted 1
  441:   40:-       |  36:cmple   |  36:-       |  36:-       |  36:-       BUS_LOAD  MEM[32] accepted 1
  442:   40:-       |  40:-       |  36:cmple   |  36:-       |  36:-       BUS_LOAD  MEM[32] accepted 1
  443:   40:-       |  40:-       |  40:-       |  36:cmple   |  36:-       BUS_LOAD  MEM[32] accepted 1
  444:   40:-       |  40:-       |  40:-       |  40:-       |  36:cmple   r4=1  BUS_LOAD  MEM[32] accepted 1
  445:   40:bne     |  40:-       |  40:-       |  40:-       |  40:-       BUS_LOAD  MEM[32] accepted 1
  446:   44:-       |  40:bne     |  40:-       |  40:-       |  40:-       BUS_LOAD  MEM[40] accepted 1
  447:   44:-       |  44:-       |  40:bne     |  40:-       |  40:-       BUS_LOAD  MEM[40] accepted 1
  448:   44:-       |  44:-       |  44:-       |  40:bne     |  40:-       BUS_LOAD  MEM[40] accepted 1
  449:   12:-       |  44:-       |  44:-       |  44:-       |  40:bne     BUS_LOAD  MEM[8] accepted 1
  450:   12:mulq    |  12:-       |  44:-       |  44:-       |  44:-       BUS_LOAD  MEM[8] accepted 1
  451:   16:-       |  12:mulq    |  12:-       |  44:-       |  44:-       BUS_LOAD  MEM[8] accepted 1
  452:   16:-       |  16:-       |  12:mulq    |  12:-       |  44:-       BUS_LOAD  MEM[8] accepted 1
  453:   16:-       |  16:-       |  16:-       |  12:mulq    |  12:-       BUS_LOAD  MEM[8] accepted 1
  454:   16:-       |  16:-       |  16:-       |  16:-       |  12:mulq    r2=110  BUS_LOAD  MEM[8] accepted 1
  455:   16:stq     |  16:-       |  16:-       |  16:-       |  16:-       BUS_LOAD  MEM[8] accepted 1
  456:   20:-       |  16:stq     |  16:-       |  16:-       |  16:-       BUS_LOAD  MEM[16] accepted 1
  457:   20:-       |  20:-       |  16:stq     |  16:-       |  16:-       BUS_LOAD  MEM[16] accepted 1
  458:   20:-       |  20:-       |  20:-       |  16:stq     |  16:-       BUS_STORE MEM[4184] = 110 accepted 1
  459:   20:-       |  20:-       |  20:-       |  20:-       |  16:stq     BUS_LOAD  MEM[16] accepted 1
  460:   20:ldq     |  20:-       |  20:-       |  20:-       |  20:-       BUS_LOAD  MEM[16] accepted 1
  461:   24:-       |  20:ldq     |  20:-       |  20:-       |  20:-       BUS_LOAD  MEM[16] accepted 1
  462:   24:-       |  24:-       |  20:ldq     |  20:-       |  20:-       BUS_LOAD  MEM[16] accepted 1
  463:   24:-       |  24:-       |  24:-       |  20:ldq     |  20:-       BUS_LOAD  MEM[4184] accepted 1
  464:   24:-       |  24:-       |  24:-       |  24:-       |  20:ldq     r3=110  BUS_LOAD  MEM[16] accepted 1
  465:   24:stq     |  24:-       |  24:-       |  24:-       |  24:-       BUS_LOAD  MEM[16] accepted 1
  466:   28:-       |  24:stq     |  24:-       |  24:-       |  24:-       BUS_LOAD  MEM[24] accepted 1
  467:   28:-       |  28:-       |  24:stq     |  24:-       |  24:-       BUS_LOAD  MEM[24] accepted 1
  468:   28:-       |  28:-       |  28:-       |  24:stq     |  24:-       BUS_STORE MEM[4440] = 110 accepted 1
  469:   28:-       |  28:-       |  28:-       |  28:-       |  24:stq     BUS_LOAD  MEM[24] accepted 1
  470:   28:addq    |  28:-       |  28:-       |  28:-       |  28:-       BUS_LOAD  MEM[24] accepted 1
  471:   32:-       |  28:addq    |  28:-       |  28:-       |  28:-       BUS_LOAD  MEM[24] accepted 1
  472:   32:-       |  32:-       |  28:addq    |  28:-       |  28:-       BUS_LOAD  MEM[24] accepted 1
  473:   32:-       |  32:-       |  32:-       |  28:addq    |  28:-       BUS_LOAD  MEM[24] accepted 1
  474:   32:-       |  32:-       |  32:-       |  32:-       |  28:addq    r1=4192  BUS_LOAD  MEM[24] accepted 1
  475:   32:addq    |  32:-       |  32:-       |  32:-       |  32:-       BUS_LOAD  MEM[24] accepted 1
  476:   36:-       |  32:addq    |  32:-       |  32:-       |  32:-       BUS_LOAD  MEM[32] accepted 1
  477:   36:-       |  36:-       |  32:addq    |  32:-       |  32:-       BUS_LOAD  MEM[32] accepted 1
  478:   36:-       |  36:-       |  36:-       |  32:addq    |  32:-       BUS_LOAD  MEM[32] accepted 1
  479:   36:-       |  36:-       |  36:-       |  36:-       |  32:addq    r5=12  BUS_LOAD  MEM[32] accepted 1
  480:   36:cmple   |  36:-       |  36:-       |  36:-       |  36:-       BUS_LOAD  MEM[32] accepted 1
  481:   40:-       |  36:cmple   |  36:-       |  36:-       |  36:-       BUS_LOAD  MEM[32] accepted 1
  482:   40:-       |  40:-       |  36:cmple   |  36:-       |  36:-       BUS_LOAD  MEM[32] accepted 1
  483:   40:-       |  40:-       |  40:-       |  36:cmple   |  36:-       BUS_LOAD  MEM[32] accepted 1
  484:   40:-       |  40:-       |  40:-       |  40:-       |  36:cmple   r4=1  BUS_LOAD  MEM[32] accepted 1
  485:   40:bne     |  40:-       |  40:-       |  40:-       |  40:-       BUS_LOAD  MEM[32] accepted 1
  486:   44:-       |  40:bne     |  40:-       |  40:-       |  40:-       BUS_LOAD  MEM[40] accepted 1
  487:   44:-       |  44:-       |  40:bne     |  40:-       |  40:-       BUS_LOAD  MEM[40] accepted 1
  488:   44:-       |  44:-       |  44:-       |  40:bne     |  40:-       BUS_LOAD  MEM[40] accepted 1
  489:   12:-       |  44:-       |  44:-       |  44:-       |  40:bne     BUS_LOAD  MEM[8] accepted 1
  490:   12:mulq    |  12:-       |  44:-       |  44:-       |  44:-       BUS_LOAD  MEM[8] accepted 1
  491:   16:-       |  12:mulq    |  12:-       |  44:-       |  44:-       BUS_LOAD  MEM[8] accepted 1
  492:   16:-       |  16:-       |  12:mulq    |  12:-       |  44:-       BUS_LOAD  MEM[8] accepted 1
  493:   16:-       |  16:-       |  16:-       |  12:mulq    |  12:-       BUS_LOAD  MEM[8] accepted 1
  494:   16:-       |  16:-       |  16:-       |  16:-       |  12:mulq    r2=120  BUS_LOAD  MEM[8] accepted 1
  495:   16:stq     |  16:-       |  16:-       |  16:-       |  16:-       BUS_LOAD  MEM[8] accepted 1
  496:   20:-       |  16:stq     |  16:-       |  16:-       |  16:-       BUS_LOAD  MEM[16] accepted 1
  497:   20:-       |  20:-       |  16:stq     |  16:-       |  16:-       BUS_LOAD  MEM[16] accepted 1
  498:   20:-       |  20:-       |  20:-       |  16:stq     |  16:-       BUS_STORE MEM[4192] = 120 accepted 1
  499:   20:-       |  20:-       |  20:-       |  20:-       |  16:stq     BUS_LOAD  MEM[16] accepted 1
  500:   20:ldq     |  20:-       |  20:-       |  20:-       |  20:-       BUS_LOAD  MEM[16] accepted 1
  501:   24:-       |  20:ldq     |  20:-       |  20:-       |  20:-       BUS_LOAD  MEM[16] accepted 1
  502:   24:-       |  24:-       |  20:ldq     |  20:-       |  20:-       BUS_LOAD  MEM[16] accepted 1
  503:   24:-       |  24:-       |  24:-       |  20:ldq     |  20:-       BUS_LOAD  MEM[4192] accepted 1
  504:   24:-       |  24:-       |  24:-       |  24:-       |  20:ldq     r3=120  BUS_LOAD  MEM[16] accepted 1
  505:   24:stq     |  24:-       |  24:-       |  24:-       |  24:-       BUS_LOAD  MEM[16] accepted 1
  506:   28:-       |  24:stq     |  24:-       |  24:-       |  24:-       BUS_LOAD  MEM[24] accepted 1
  507:   28:-       |  28:-       |  24:stq     |  24:-       |  24:-       BUS_LOAD  MEM[24] accepted 1
  508:   28:-       |  28:-       |  28:-       |  24:stq     |  24:-       BUS_STORE MEM[4448] = 120 accepted 1
  509:   28:-       |  28:-       |  28:-       |  28:-       |  24:stq     BUS_LOAD  MEM[24] accepted 1
  510:   28:addq    |  28:-       |  28:-       |  28:-       |  28:-       BUS_LOAD  MEM[24] accepted 1
  511:   32:-       |  28:addq    |  28:-       |  28:-       |  28:-       BUS_LOAD  MEM[24] accepted 1
  512:   32:-       |  32:-       |  28:addq    |  28:-       |  28:-       BUS_LOAD  MEM[24] accepted 1
  513:   32:-       |  32:-       |  32:-       |  28:addq    |  28:-       BUS_LOAD  MEM[24] accepted 1
  514:   32:-       |  32:-       |  32:-       |  32:-       |  28:addq    r1=4200  BUS_LOAD  MEM[24] accepted 1
  515:   32:addq    |  32:-       |  32:-       |  32:-       |  32:-       BUS_LOAD  MEM[24] accepted 1
  516:   36:-       |  32:addq    |  32:-       |  32:-       |  32:-       BUS_LOAD  MEM[32] accepted 1
  517:   36:-       |  36:-       |  32:addq    |  32:-       |  32:-       BUS_LOAD  MEM[32] accepted 1
  518:   36:-       |  36:-       |  36:-       |  32:addq    |  32:-       BUS_LOAD  MEM[32] accepted 1
  519:   36:-       |  36:-       |  36:-       |  36:-       |  32:addq    r5=13  BUS_LOAD  MEM[32] accepted 1
  520:   36:cmple   |  36:-       |  36:-       |  36:-       |  36:-       BUS_LOAD  MEM[32] accepted 1
  521:   40:-       |  36:cmple   |  36:-       |  36:-       |  36:-       BUS_LOAD  MEM[32] accepted 1
  522:   40:-       |  40:-       |  36:cmple   |  36:-       |  36:-       BUS_LOAD  MEM[32] accepted 1
  523:   40:-       |  40:-       |  40:-       |  36:cmple   |  36:-       BUS_LOAD  MEM[32] accepted 1
  524:   40:-       |  40:-       |  40:-       |  40:-       |  36:cmple   r4=1  BUS_LOAD  MEM[32] accepted 1
  525:   40:bne     |  40:-       |  40:-       |  40:-       |  40:-       BUS_LOAD  MEM[32] accepted 1
  526:   44:-       |  40:bne     |  40:-       |  40:-       |  40:-       BUS_LOAD  MEM[40] accepted 1
  527:   44:-       |  44:-       |  40:bne     |  40:-       |  40:-       BUS_LOAD  MEM[40] accepted 1
  528:   44:-       |  44:-       |  44:-       |  40:bne     |  40:-       BUS_LOAD  MEM[40] accepted 1
  529:   12:-       |  44:-       |  44:-       |  44:-       |  40:bne     BUS_LOAD  MEM[8] accepted 1
  530:   12:mulq    |  12:-       |  44:-       |  44:-       |  44:-       BUS_LOAD  MEM[8] accepted 1
  531:   16:-       |  12:mulq    |  12:-       |  44:-       |  44:-       BUS_LOAD  MEM[8] accepted 1
  532:   16:-       |  16:-       |  12:mulq    |  12:-       |  44:-       BUS_LOAD  MEM[8] accepted 1
  533:   16:-       |  16:-       |  16:-       |  12:mulq    |  12:-       BUS_LOAD  MEM[8] accepted 1
  534:   16:-       |  16:-       |  16:-       |  16:-       |  12:mulq    r2=130  BUS_LOAD  MEM[8] accepted 1
  535:   16:stq     |  16:-       |  16:-       |  16:-       |  16:-       BUS_LOAD  MEM[8] accepted 1
  536:   20:-       |  16:stq     |  16:-       |  16:-       |  16:-       BUS_LOAD  MEM[16] accepted 1
  537:   20:-       |  20:-       |  16:stq     |  16:-       |  16:-       BUS_LOAD  MEM[16] accepted 1
  538:   20:-       |  20:-       |  20:-       |  16:stq     |  16:-       BUS_STORE MEM[4200] = 130 accepted 1
  539:   20:-       |  20:-       |  20:-       |  20:-       |  16:stq     BUS_LOAD  MEM[16] accepted 1
  540:   20:ldq     |  20:-       |  20:-       |  20:-       |  20:-       BUS_LOAD  MEM[16] accepted 1
  541:   24:-       |  20:ldq     |  20:-       |  20:-       |  20:-       BUS_LOAD  MEM[16] accepted 1
  542:   24:-       |  24:-       |  20:ldq     |  20:-       |  20:-       BUS_LOAD  MEM[16] accepted 1
  543:   24:-       |  24:-       |  24:-       |  20:ldq     |  20:-       BUS_LOAD  MEM[4200] accepted 1
  544:   24:-       |  24:-       |  24:-       |  24:-       |  20:ldq     r3=130  BUS_LOAD  MEM[16] accepted 1
  545:   24:stq     |  24:-       |  24:-       |  24:-       |  24:-       BUS_LOAD  MEM[16] accepted 1
  546:   28:-       |  24:stq     |  24:-       |  24:-       |  24:-       BUS_LOAD  MEM[24] accepted 1
  547:   28:-       |  28:-       |  24:stq     |  24:-       |  24:-       BUS_LOAD  MEM[24] accepted 1
  548:   28:-       |  28:-       |  28:-       |  24:stq     |  24:-       BUS_STORE MEM[4456] = 130 accepted 1
  549:   28:-       |  28:-       |  28:-       |  28:-       |  24:stq     BUS_LOAD  MEM[24] accepted 1
  550:   28:addq    |  28:-       |  28:-       |  28:-       |  28:-       BUS_LOAD  MEM[24] accepted 1
  551:   32:-       |  28:addq    |  28:-       |  28:-       |  28:-       BUS_LOAD  MEM[24] accepted 1
  552:   32:-       |  32:-       |  28:addq    |  28:-       |  28:-       BUS_LOAD  MEM[24] accepted 1
  553:   32:-       |  32:-       |  32:-       |  28:addq    |  28:-       BUS_LOAD  MEM[24] accepted 1
  554:   32:-       |  32:-       |  32:-       |  32:-       |  28:addq    r1=4208  BUS_LOAD  MEM[24] accepted 1
  555:   32:addq    |  32:-       |  32:-       |  32:-       |  32:-       BUS_LOAD  MEM[24] accepted 1
  556:   36:-       |  32:addq    |  32:-       |  32:-       |  32:-       BUS_LOAD  MEM[32] accepted 1
  557:   36:-       |  36:-       |  32:addq    |  32:-       |  32:-       BUS_LOAD  MEM[32] accepted 1
  558:   36:-       |  36:-       |  36:-       |  32:addq    |  32:-       BUS_LOAD  MEM[32] accepted 1
  559:   36:-       |  36:-       |  36:-       |  36:-       |  32:addq    r5=14  BUS_LOAD  MEM[32] accepted 1
  560:   36:cmple   |  36:-       |  36:-       |  36:-       |  36:-       BUS_LOAD  MEM[32] accepted 1
  561:   40:-       |  36:cmple   |  36:-       |  36:-       |  36:-       BUS_LOAD  MEM[32] accepted 1
  562:   40:-       |  40:-       |  36:cmple   |  36:-       |  36:-       BUS_LOAD  MEM[32] accepted 1
  563:   40:-       |  40:-       |  40:-       |  36:cmple   |  36:-       BUS_LOAD  MEM[32] accepted 1
  564:   40:-       |  40:-       |  40:-       |  40:-       |  36:cmple   r4=1  BUS_LOAD  MEM[32] accepted 1
  565:   40:bne     |  40:-       |  40:-       |  40:-       |  40:-       BUS_LOAD  MEM[32] accepted 1
  566:   44:-       |  40:bne     |  40:-       |  40:-       |  40:-       BUS_LOAD  MEM[40] accepted 1
  567:   44:-       |  44:-       |  40:bne     |  40:-       |  40:-       BUS_LOAD  MEM[40] accepted 1
  568:   44:-       |  44:-       |  44:-       |  40:bne     |  40:-       BUS_LOAD  MEM[40] accepted 1
  569:   12:-       |  44:-       |  44:-       |  44:-       |  40:bne     BUS_LOAD  MEM[8] accepted 1
  570:   12:mulq    |  12:-       |  44:-       |  44:-       |  44:-       BUS_LOAD  MEM[8] accepted 1
  571:   16:-       |  12:mulq    |  12:-       |  44:-       |  44:-       BUS_LOAD  MEM[8] accepted 1
  572:   16:-       |  16:-       |  12:mulq    |  12:-       |  44:-       BUS_LOAD  MEM[8] accepted 1
  573:   16:-       |  16:-       |  16:-       |  12:mulq    |  12:-       BUS_LOAD  MEM[8] accepted 1
  574:   16:-       |  16:-       |  16:-       |  16:-       |  12:mulq    r2=140  BUS_LOAD  MEM[8] accepted 1
  575:   16:stq     |  16:-       |  16:-       |  16:-       |  16:-       BUS_LOAD  MEM[8] accepted 1
  576:   20:-       |  16:stq     |  16:-       |  16:-       |  16:-       BUS_LOAD  MEM[16] accepted 1
  577:   20:-       |  20:-       |  16:stq     |  16:-       |  16:-       BUS_LOAD  MEM[16] accepted 1
  578:   20:-       |  20:-       |  20:-       |  16:stq     |  16:-       BUS_STORE MEM[4208] = 140 accepted 1
  579:   20:-       |  20:-       |  20:-       |  20:-       |  16:stq     BUS_LOAD  MEM[16] accepted 1
  580:   20:ldq     |  20:-       |  20:-       |  20:-       |  20:-       BUS_LOAD  MEM[16] accepted 1
  581:   24:-       |  20:ldq     |  20:-       |  20:-       |  20:-       BUS_LOAD  MEM[16] accepted 1
  582:   24:-       |  24:-       |  20:ldq     |  20:-       |  20:-       BUS_LOAD  MEM[16] accepted 1
  583:   24:-       |  24:-       |  24:-       |  20:ldq     |  20:-       BUS_LOAD  MEM[4208] accepted 1
  584:   24:-       |  24:-       |  24:-       |  24:-       |  20:ldq     r3=140  BUS_LOAD  MEM[16] accepted 1
  585:   24:stq     |  24:-       |  24:-       |  24:-       |  24:-       BUS_LOAD  MEM[16] accepted 1
  586:   28:-       |  24:stq     |  24:-       |  24:-       |  24:-       BUS_LOAD  MEM[24] accepted 1
  587:   28:-       |  28:-       |  24:stq     |  24:-       |  24:-       BUS_LOAD  MEM[24] accepted 1
  588:   28:-       |  28:-       |  28:-       |  24:stq     |  24:-       BUS_STORE MEM[4464] = 140 accepted 1
  589:   28:-       |  28:-       |  28:-       |  28:-       |  24:stq     BUS_LOAD  MEM[24] accepted 1
  590:   28:addq    |  28:-       |  28:-       |  28:-       |  28:-       BUS_LOAD  MEM[24] accepted 1
  591:   32:-       |  28:addq    |  28:-       |  28:-       |  28:-       BUS_LOAD  MEM[24] accepted 1
  592:   32:-       |  32:-       |  28:addq    |  28:-       |  28:-       BUS_LOAD  MEM[24] accepted 1
  593:   32:-       |  32:-       |  32:-       |  28:addq    |  28:-       BUS_LOAD  MEM[24] accepted 1
  594:   32:-       |  32:-       |  32:-       |  32:-       |  28:addq    r1=4216  BUS_LOAD  MEM[24] accepted 1
  595:   32:addq    |  32:-       |  32:-       |  32:-       |  32:-       BUS_LOAD  MEM[24] accepted 1
  596:   36:-       |  32:addq    |  32:-       |  32:-       |  32:-       BUS_LOAD  MEM[32] accepted 1
  597:   36:-       |  36:-       |  32:addq    |  32:-       |  32:-       BUS_LOAD  MEM[32] accepted 1
  598:   36:-       |  36:-       |  36:-       |  32:addq    |  32:-       BUS_LOAD  MEM[32] accepted 1
  599:   36:-       |  36:-       |  36:-       |  36:-       |  32:addq    r5=15  BUS_LOAD  MEM[32] accepted 1
  600:   36:cmple   |  36:-       |  36:-       |  36:-       |  36:-       BUS_LOAD  MEM[32] accepted 1
  601:   40:-       |  36:cmple   |  36:-       |  36:-       |  36:-       BUS_LOAD  MEM[32] accepted 1
  602:   40:-       |  40:-       |  36:cmple   |  36:-       |  36:-       BUS_LOAD  MEM[32] accepted 1
  603:   40:-       |  40:-       |  40:-       |  36:cmple   |  36:-       BUS_LOAD  MEM[32] accepted 1
  604:   40:-       |  40:-       |  40:-       |  40:-       |  36:cmple   r4=1  BUS_LOAD  MEM[32] accepted 1
  605:   40:bne     |  40:-       |  40:-       |  40:-       |  40:-       BUS_LOAD  MEM[32] accepted 1
  606:   44:-       |  40:bne     |  40:-       |  40:-       |  40:-       BUS_LOAD  MEM[40] accepted 1
  607:   44:-       |  44:-       |  40:bne     |  40:-       |  40:-       BUS_LOAD  MEM[40] accepted 1
  608:   44:-       |  44:-       |  44:-       |  40:bne     |  40:-       BUS_LOAD  MEM[40] accepted 1
  609:   12:-       |  44:-       |  44:-       |  44:-       |  40:bne     BUS_LOAD  MEM[8] accepted 1
  610:   12:mulq    |  12:-       |  44:-       |  44:-       |  44:-       BUS_LOAD  MEM[8] accepted 1
  611:   16:-       |  12:mulq    |  12:-       |  44:-       |  44:-       BUS_LOAD  MEM[8] accepted 1
  612:   16:-       |  16:-       |  12:mulq    |  12:-       |  44:-       BUS_LOAD  MEM[8] accepted 1
  613:   16:-       |  16:-       |  16:-       |  12:mulq    |  12:-       BUS_LOAD  MEM[8] accepted 1
  614:   16:-       |  16:-       |  16:-       |  16:-       |  12:mulq    r2=150  BUS_LOAD  MEM[8] accepted 1
  615:   16:stq     |  16:-       |  16:-       |  16:-       |  16:-       BUS_LOAD  MEM[8] accepted 1
  616:   20:-       |  16:stq     |  16:-       |  16:-       |  16:-       BUS_LOAD  MEM[16] accepted 1
  617:   20:-       |  20:-       |  16:stq     |  16:-       |  16:-       BUS_LOAD  MEM[16] accepted 1
  618:   20:-       |  20:-       |  20:-       |  16:stq     |  16:-       BUS_STORE MEM[4216] = 150 accepted 1
  619:   20:-       |  20:-       |  20:-       |  20:-       |  16:stq     BUS_LOAD  MEM[16] accepted 1
  620:   20:ldq     |  20:-       |  20:-       |  20:-       |  20:-       BUS_LOAD  MEM[16] accepted 1
  621:   24:-       |  20:ldq     |  20:-       |  20:-       |  20:-       BUS_LOAD  MEM[16] accepted 1
  622:   24:-       |  24:-       |  20:ldq     |  20:-       |  20:-       BUS_LOAD  MEM[16] accepted 1
  623:   24:-       |  24:-       |  24:-       |  20:ldq     |  20:-       BUS_LOAD  MEM[4216] accepted 1
  624:   24:-       |  24:-       |  24:-       |  24:-       |  20:ldq     r3=150  BUS_LOAD  MEM[16] accepted 1
  625:   24:stq     |  24:-       |  24:-       |  24:-       |  24:-       BUS_LOAD  MEM[16] accepted 1
  626:   28:-       |  24:stq     |  24:-       |  24:-       |  24:-       BUS_LOAD  MEM[24] accepted 1
  627:   28:-       |  28:-       |  24:stq     |  24:-       |  24:-       BUS_LOAD  MEM[24] accepted 1
  628:   28:-       |  28:-       |  28:-       |  24:stq     |  24:-       BUS_STORE MEM[4472] = 150 accepted 1
  629:   28:-       |  28:-       |  28:-       |  28:-       |  24:stq     BUS_LOAD  MEM[24] accepted 1
  630:   28:addq    |  28:-       |  28:-       |  28:-       |  28:-       BUS_LOAD  MEM[24] accepted 1
  631:   32:-       |  28:addq    |  28:-       |  28:-       |  28:-       BUS_LOAD  MEM[24] accepted 1
  632:   32:-       |  32:-       |  28:addq    |  28:-       |  28:-       BUS_LOAD  MEM[24] accepted 1
  633:   32:-       |  32:-       |  32:-       |  28:addq    |  28:-       BUS_LOAD  MEM[24] accepted 1
  634:   32:-       |  32:-       |  32:-       |  32:-       |  28:addq    r1=4224  BUS_LOAD  MEM[24] accepted 1
  635:   32:addq    |  32:-       |  32:-       |  32:-       |  32:-       BUS_LOAD  MEM[24] accepted 1
  636:   36:-       |  32:addq    |  32:-       |  32:-       |  32:-       BUS_LOAD  MEM[32] accepted 1
  637:   36:-       |  36:-       |  32:addq    |  32:-       |  32:-       BUS_LOAD  MEM[32] accepted 1
  638:   36:-       |  36:-       |  36:-       |  32:addq    |  32:-       BUS_LOAD  MEM[32] accepted 1
  639:   36:-       |  36:-       |  36:-       |  36:-       |  32:addq    r5=16  BUS_LOAD  MEM[32] accepted 1
  640:   36:cmple   |  36:-       |  36:-       |  36:-       |  36:-       BUS_LOAD  MEM[32] accepted 1
  641:   40:-       |  36:cmple   |  36:-       |  36:-       |  36:-       BUS_LOAD  MEM[32] accepted 1
  642:   40:-       |  40:-       |  36:cmple   |  36:-       |  36:-       BUS_LOAD  MEM[32] accepted 1
  643:   40:-       |  40:-       |  40:-       |  36:cmple   |  36:-       BUS_LOAD  MEM[32] accepted 1
  644:   40:-       |  40:-       |  40:-       |  40:-       |  36:cmple   r4=0  BUS_LOAD  MEM[32] accepted 1
  645:   40:bne     |  40:-       |  40:-       |  40:-       |  40:-       BUS_LOAD  MEM[32] accepted 1
  646:   44:-       |  40:bne     |  40:-       |  40:-       |  40:-       BUS_LOAD  MEM[40] accepted 1
  647:   44:-       |  44:-       |  40:bne     |  40:-       |  40:-       BUS_LOAD  MEM[40] accepted 1
  648:   44:-       |  44:-       |  44:-       |  40:bne     |  40:-       BUS_LOAD  MEM[40] accepted 1
  649:   44:-       |  44:-       |  44:-       |  44:-       |  40:bne     BUS_LOAD  MEM[40] accepted 1
  650:   44:halt    |  44:-       |  44:-       |  44:-       |  44:-       BUS_LOAD  MEM[40] accepted 1
  651:   48:-       |  44:halt    |  44:-       |  44:-       |  44:-       BUS_LOAD  MEM[40] accepted 1
  652:   48:-       |  48:-       |  44:halt    |  44:-       |  44:-       BUS_LOAD  MEM[40] accepted 1
  653:   48:-       |  48:-       |  48:-       |  44:halt    |  44:-       BUS_LOAD  MEM[40] accepted 1
  654:   48:-       |  48:-       |  48:-       |  48:-       |  44:halt    BUS_LOAD  MEM[40] accepted 1
