# Preference setting overrides
gui_create_pref_key -category {Globals} -key {load_detail_for_funcov} -value_type {bool} -value {false}

# State setting overrides
gui_state_default_create -off -ini
gui_set_state_value -category Layout -key child_console_size_x -value 1222
gui_set_state_value -category Layout -key child_console_size_y -value 147
gui_set_state_value -category Layout -key child_data_coltype -value 116
gui_set_state_value -category Layout -key child_data_colvalue -value 126
gui_set_state_value -category Layout -key child_data_colvariable -value 236
gui_set_state_value -category Layout -key child_data_size_x -value 456
gui_set_state_value -category Layout -key child_data_size_y -value 717
gui_set_state_value -category Layout -key child_driver_size_x -value 967
gui_set_state_value -category Layout -key child_driver_size_y -value 179
gui_set_state_value -category Layout -key child_hier_colhier -value 218
gui_set_state_value -category Layout -key child_hier_size_x -value 212
gui_set_state_value -category Layout -key child_hier_size_y -value 717
gui_set_state_value -category Layout -key child_source_docknewline -value false
gui_set_state_value -category Layout -key child_source_pos_x -value {-2}
gui_set_state_value -category Layout -key child_source_pos_y -value {-15}
gui_set_state_value -category Layout -key child_source_size_x -value 557
gui_set_state_value -category Layout -key child_source_size_y -value 712
gui_set_state_value -category Layout -key child_wave_colname -value 265
gui_set_state_value -category Layout -key child_wave_colvalue -value 265
gui_set_state_value -category Layout -key child_wave_left -value 534
gui_set_state_value -category Layout -key child_wave_right -value 1302
gui_set_state_value -category Layout -key main_pos_x -value 611
gui_set_state_value -category Layout -key main_pos_y -value 137
gui_set_state_value -category Layout -key main_size_x -value 1833
gui_set_state_value -category Layout -key main_size_y -value 1124
gui_set_state_value -category Layout -key stand_wave_child_docknewline -value false
gui_set_state_value -category Layout -key stand_wave_child_pos_x -value {-2}
gui_set_state_value -category Layout -key stand_wave_child_pos_y -value {-15}
gui_set_state_value -category Layout -key stand_wave_child_size_x -value 1846
gui_set_state_value -category Layout -key stand_wave_child_size_y -value 997
gui_set_state_value -category Layout -key stand_wave_top_pos_x -value 10
gui_set_state_value -category Layout -key stand_wave_top_pos_y -value 69
gui_set_state_value -category Layout -key stand_wave_top_size_x -value 1851
gui_set_state_value -category Layout -key stand_wave_top_size_y -value 1170
gui_create_state_key -category FindDialog -key m_pMatchCase -value_type bool -value false
gui_create_state_key -category FindDialog -key m_pMatchWord -value_type bool -value false
gui_create_state_key -category FindDialog -key m_pUseCombo -value_type string -value {}
gui_create_state_key -category FindDialog -key m_pWrapAround -value_type bool -value true
gui_create_state_key -category Widget_History -key TopLevel.1|qt_left_dock|DockWnd2|DLPane.1|pages|Data.1|hbox|textfilter -value_type string -value {*out* *reg* *dest* *clock*}
gui_state_default_create -off

# Begin command logging
gui_sim_run Ucli -exe dve_simv -args {-ucligui  +v2k +vc +memcbk} -dir .
gui_list_select -id Hier.1 -selected  { testbench   }
gui_list_expand -id  Hier.1   testbench
gui_list_select -id Hier.1 -selected  { testbench.pipeline_0   }
gui_list_expand -id Hier.1   testbench.pipeline_0
gui_list_action -id  Hier.1 testbench.pipeline_0
gui_list_select -id Hier.1 -selected  { testbench.pipeline_0.reorder_buffer_0   }
gui_list_select -id Data.1 -selected  { testbench.pipeline_0.reorder_buffer_0.cdb2_mispredicted_in   }
gui_list_set_filter -id Data.1 -text {*}
gui_list_select -id Data.1 -selected  { testbench.pipeline_0.reorder_buffer_0.reset   }
gui_list_select -id Data.1 -selected  { testbench.pipeline_0.reorder_buffer_0.reset  testbench.pipeline_0.reorder_buffer_0.clock   }
gui_open_window Wave
gui_list_add -id Wave.1 -from Data.1 { testbench.pipeline_0.reorder_buffer_0.clock testbench.pipeline_0.reorder_buffer_0.reset } -insertionbar
gui_list_set_filter -id Data.1 -text {*out*}
gui_list_select -id Data.1 -selected  { {testbench.pipeline_0.reorder_buffer_0.inst1_dest_out[4:0]}   }
gui_list_select -id Data.1 -selected  { {testbench.pipeline_0.reorder_buffer_0.inst2_pht_index_out[7:0]}   }
gui_list_select -id Data.1 -selected  { {testbench.pipeline_0.reorder_buffer_0.inst1_dest_out[4:0]}   }
gui_list_select -id Data.1 { {testbench.pipeline_0.reorder_buffer_0.inst2_dest_out[4:0]}  {testbench.pipeline_0.reorder_buffer_0.inst1_value_out[63:0]}  {testbench.pipeline_0.reorder_buffer_0.inst2_value_out[63:0]}  {testbench.pipeline_0.reorder_buffer_0.inst1_retire_tag_out[7:0]}  {testbench.pipeline_0.reorder_buffer_0.inst2_retire_tag_out[7:0]}  testbench.pipeline_0.reorder_buffer_0.inst1_mispredicted_out  testbench.pipeline_0.reorder_buffer_0.inst2_mispredicted_out  {testbench.pipeline_0.reorder_buffer_0.inst1_branch_result_out[1:0]}  {testbench.pipeline_0.reorder_buffer_0.inst2_branch_result_out[1:0]}  {testbench.pipeline_0.reorder_buffer_0.inst1_NPC_out[63:0]}  {testbench.pipeline_0.reorder_buffer_0.inst2_NPC_out[63:0]}  {testbench.pipeline_0.reorder_buffer_0.inst1_pht_index_out[7:0]}  {testbench.pipeline_0.reorder_buffer_0.inst2_pht_index_out[7:0]}   }
gui_list_add -id Wave.1 -from Data.1 { {testbench.pipeline_0.reorder_buffer_0.inst1_dest_out[4:0]} {testbench.pipeline_0.reorder_buffer_0.inst2_dest_out[4:0]} {testbench.pipeline_0.reorder_buffer_0.inst1_value_out[63:0]} {testbench.pipeline_0.reorder_buffer_0.inst2_value_out[63:0]} {testbench.pipeline_0.reorder_buffer_0.inst1_retire_tag_out[7:0]} {testbench.pipeline_0.reorder_buffer_0.inst2_retire_tag_out[7:0]} testbench.pipeline_0.reorder_buffer_0.inst1_mispredicted_out testbench.pipeline_0.reorder_buffer_0.inst2_mispredicted_out {testbench.pipeline_0.reorder_buffer_0.inst1_branch_result_out[1:0]} {testbench.pipeline_0.reorder_buffer_0.inst2_branch_result_out[1:0]} {testbench.pipeline_0.reorder_buffer_0.inst1_NPC_out[63:0]} {testbench.pipeline_0.reorder_buffer_0.inst2_NPC_out[63:0]} {testbench.pipeline_0.reorder_buffer_0.inst1_pht_index_out[7:0]} {testbench.pipeline_0.reorder_buffer_0.inst2_pht_index_out[7:0]} } -insertionbar
gui_marker_move -id  Wave.1 C1 164
gui_sim_continue  
gui_wv_scroll_hslidermove -id  Wave.1 2602
gui_wv_scroll_hslidermove -id  Wave.1 5158
gui_marker_move -id  Wave.1 C1 1916
gui_marker_move -id  Wave.1 C1 1926
gui_list_select -id Hier.1 -selected  { testbench.pipeline_0.if_stage_0   }
gui_list_expand -id Hier.1   testbench.pipeline_0.if_stage_0
gui_list_action -id  Hier.1 testbench.pipeline_0.if_stage_0
gui_list_select -id Data.1 -selected  { testbench.pipeline_0.if_stage_0.inst2_prediction_out   }
gui_marker_move -id  Wave.1 C1 1733
