
Chronologic VCS simulator copyright 1991-2011
Contains Synopsys proprietary information.
Compiler version E-2011.03_Full64; Runtime version E-2011.03_Full64;  Apr 19 17:17 2013
VCD+ Writer E-2011.03_Full64 Copyright (c) 1991-2011 by Synopsys Inc.
The file '/afs/umich.edu/user/s/c/scottmel/EECS470/FinalProject/eecs470/vsimp_new/inter.vpd' was opened successfully.
branch_predictor.v, 12 : module branch_decoder(
@@
@@
@@                     0  Asserting System reset......
@@
@@                     0 : System STILL at reset, can't show anything
@@
@@
@@                    10 : System STILL at reset, can't show anything
@@
@@
@@                    20 : System STILL at reset, can't show anything
@@
@@
@@                    30 : System STILL at reset, can't show anything
@@
@@
@@                    40 : System STILL at reset, can't show anything
@@
@@
@@                    50 : System STILL at reset, can't show anything
@@
@@
@@                    60 : System STILL at reset, can't show anything
@@
@@
@@                    70 : System STILL at reset, can't show anything
@@
@@
@@                    80 : System STILL at reset, can't show anything
@@
@@
@@                    90 : System STILL at reset, can't show anything
@@
@@
@@                   100 : System STILL at reset, can't show anything
@@
@@
@@                   110 : System STILL at reset, can't show anything
@@
@@
@@                   120 : System STILL at reset, can't show anything
@@
@@
@@                   130 : System STILL at reset, can't show anything
@@
@@                   136  Deasserting System reset......
@@
@@
@@@ Unified Memory contents hex on left, decimal on right: 
@@@
@@@ mem[    0] = b41f0020201f0000 : 12979092789082914816
@@@ mem[    8] = 47ff041f47ff041f : 5187869828152493087
@@@ mem[   16] = 0000055547ff041f : 5863838254111
@@@
@@@ mem[   32] = b41f0020201f0000 : 12979092789082914816
@@@
@@@
@@                   422 : System halted
@@
@@@ System halted on HALT instruction
@@@
@@
@@  29 cycles / x instrs = inf CPI
@@
@@  840.00 ns total time to execute
@@
 
$finish called from file "testbench/testbench.v", line 297.
$finish at simulation time                  522
Simulation complete, time is 522.
           V C S   S i m u l a t i o n   R e p o r t 
Time: 522
CPU Time:      0.250 seconds;       Data structure size:   0.7Mb
Fri Apr 19 17:18:15 2013