
                      Design Compiler Graphical
                            DC Ultra (TM)
                             DFTMAX (TM)
                         Power Compiler (TM)
                           DesignWare (R)
                           DC Expert (TM)
                         Design Vision (TM)
                          HDL Compiler (TM)
                         VHDL Compiler (TM)
                            DFT Compiler
                        Library Compiler (TM)
                         Design Compiler(R)

            Version G-2012.06 for RHEL64 -- May 30, 2012
               Copyright (c) 1988-2012 Synopsys, Inc.

This software and the associated documentation are confidential and 
proprietary to Synopsys, Inc. Your use or disclosure of this software 
is subject to the terms and conditions of a written license agreement 
between you, or your company, and Synopsys, Inc.

Initializing...
################################################################################
## DO NOT EDIT THESE FILES BY HAND
##
## CONFIGURATION HAS BEEN MOVED TO THE MAKEFILE
################################################################################
set search_path [ list "./" "/usr/caen/generic/mentor_lib-D.1/public/eecs470/synopsys/" ]
./ /usr/caen/generic/mentor_lib-D.1/public/eecs470/synopsys/
set target_library "lec25dscc25_TT.db"
lec25dscc25_TT.db
set link_library [concat  "*" $target_library]
* lec25dscc25_TT.db
#/***********************************************************/
#/* Set some flags to suppress warnings we don't care about */
set suppress_errors [concat $suppress_errors "UID-401"]
UID-401
suppress_message {"VER-130"}
#/***********************************************************/
#/* The following lines are set from environment variables
#/* automatically by the Makefile
#/***********************************************************/
lappend search_path ../
./ /usr/caen/generic/mentor_lib-D.1/public/eecs470/synopsys/ ../
set cache_module [getenv CACHE_NAME]
cache
read_file -f ddc [list ${cache_module}.ddc]
Loading db file '/usr/caen/generic/mentor_lib-D.1/public/eecs470/synopsys/lec25dscc25_TT.db'
Loading db file '/usr/caen/synopsys-synth-2012.06/libraries/syn/gtech.db'
Loading db file '/usr/caen/synopsys-synth-2012.06/libraries/syn/standard.sldb'
  Loading link library 'lec25dscc25_TT'
  Loading link library 'gtech'
Reading ddc file '/afs/umich.edu/user/n/o/nowakmr/eecs470/eecs470/vsimp_new/synth/cache.ddc'.
Loaded 1 design.
Current design is 'cache'.
cache
set_dont_touch ${cache_module}
1
set headers [getenv HEADERS]
sys_defs.vh
set sources [getenv PIPEFILES]
verilog/ex_stage.v verilog/icache.v verilog/id_stage.v verilog/if_stage.v verilog/mem_stage.v verilog/pipeline.v verilog/regfile.v verilog/wb_stage.v
read_file -f verilog [list ${headers} ${sources}]
Loading verilog files: '/afs/umich.edu/user/n/o/nowakmr/eecs470/eecs470/vsimp_new/sys_defs.vh' '/afs/umich.edu/user/n/o/nowakmr/eecs470/eecs470/vsimp_new/verilog/ex_stage.v' '/afs/umich.edu/user/n/o/nowakmr/eecs470/eecs470/vsimp_new/verilog/icache.v' '/afs/umich.edu/user/n/o/nowakmr/eecs470/eecs470/vsimp_new/verilog/id_stage.v' '/afs/umich.edu/user/n/o/nowakmr/eecs470/eecs470/vsimp_new/verilog/if_stage.v' '/afs/umich.edu/user/n/o/nowakmr/eecs470/eecs470/vsimp_new/verilog/mem_stage.v' '/afs/umich.edu/user/n/o/nowakmr/eecs470/eecs470/vsimp_new/verilog/pipeline.v' '/afs/umich.edu/user/n/o/nowakmr/eecs470/eecs470/vsimp_new/verilog/regfile.v' '/afs/umich.edu/user/n/o/nowakmr/eecs470/eecs470/vsimp_new/verilog/wb_stage.v' 
Detecting input file type automatically (-rtl or -netlist).
Running DC verilog reader
Reading with Presto HDL Compiler (equivalent to -rtl option).
Running PRESTO HDLC
Compiling source file /afs/umich.edu/user/n/o/nowakmr/eecs470/eecs470/vsimp_new/sys_defs.vh
Compiling source file /afs/umich.edu/user/n/o/nowakmr/eecs470/eecs470/vsimp_new/verilog/ex_stage.v
Compiling source file /afs/umich.edu/user/n/o/nowakmr/eecs470/eecs470/vsimp_new/verilog/icache.v
Compiling source file /afs/umich.edu/user/n/o/nowakmr/eecs470/eecs470/vsimp_new/verilog/id_stage.v
Compiling source file /afs/umich.edu/user/n/o/nowakmr/eecs470/eecs470/vsimp_new/verilog/if_stage.v
Compiling source file /afs/umich.edu/user/n/o/nowakmr/eecs470/eecs470/vsimp_new/verilog/mem_stage.v
Compiling source file /afs/umich.edu/user/n/o/nowakmr/eecs470/eecs470/vsimp_new/verilog/pipeline.v
Compiling source file /afs/umich.edu/user/n/o/nowakmr/eecs470/eecs470/vsimp_new/verilog/regfile.v
Compiling source file /afs/umich.edu/user/n/o/nowakmr/eecs470/eecs470/vsimp_new/verilog/wb_stage.v

Statistics for case statements in always block at line 50 in file
	'/afs/umich.edu/user/n/o/nowakmr/eecs470/eecs470/vsimp_new/verilog/ex_stage.v'
===============================================
|           Line           |  full/ parallel  |
===============================================
|            52            |    auto/auto     |
===============================================

Statistics for case statements in always block at line 101 in file
	'/afs/umich.edu/user/n/o/nowakmr/eecs470/eecs470/vsimp_new/verilog/ex_stage.v'
===============================================
|           Line           |  full/ parallel  |
===============================================
|           103            |    auto/auto     |
===============================================

Statistics for case statements in always block at line 164 in file
	'/afs/umich.edu/user/n/o/nowakmr/eecs470/eecs470/vsimp_new/verilog/ex_stage.v'
===============================================
|           Line           |  full/ parallel  |
===============================================
|           166            |    auto/auto     |
===============================================

Statistics for case statements in always block at line 177 in file
	'/afs/umich.edu/user/n/o/nowakmr/eecs470/eecs470/vsimp_new/verilog/ex_stage.v'
===============================================
|           Line           |  full/ parallel  |
===============================================
|           182            |     no/auto      |
===============================================
Warning:  /afs/umich.edu/user/n/o/nowakmr/eecs470/eecs470/vsimp_new/verilog/icache.v:90: signed to unsigned assignment occurs. (VER-318)
Warning:  /afs/umich.edu/user/n/o/nowakmr/eecs470/eecs470/vsimp_new/verilog/icache.v:91: signed to unsigned assignment occurs. (VER-318)

Inferred memory devices in process
	in routine icache line 86 in file
		'/afs/umich.edu/user/n/o/nowakmr/eecs470/eecs470/vsimp_new/verilog/icache.v'.
================================================================================
|    Register Name     |   Type    | Width | Bus | MB | AR | AS | SR | SS | ST |
================================================================================
|     last_tag_reg     | Flip-flop |  22   |  Y  | N  | N  | N  | N  | N  | N  |
| current_mem_tag_reg  | Flip-flop |   4   |  Y  | N  | N  | N  | N  | N  | N  |
| miss_outstanding_reg | Flip-flop |   1   |  N  | N  | N  | N  | N  | N  | N  |
|    last_index_reg    | Flip-flop |   7   |  Y  | N  | N  | N  | N  | N  | N  |
================================================================================

Statistics for case statements in always block at line 60 in file
	'/afs/umich.edu/user/n/o/nowakmr/eecs470/eecs470/vsimp_new/verilog/id_stage.v'
===============================================
|           Line           |  full/ parallel  |
===============================================
|            83            |    auto/auto     |
|            85            |    auto/auto     |
|           105            |    auto/auto     |
|           116            |    auto/auto     |
|           126            |    auto/auto     |
|           133            |    auto/auto     |
|           145            |     no/auto      |
|           165            |    auto/auto     |
|           198            |    auto/auto     |
===============================================

Statistics for case statements in always block at line 326 in file
	'/afs/umich.edu/user/n/o/nowakmr/eecs470/eecs470/vsimp_new/verilog/id_stage.v'
===============================================
|           Line           |  full/ parallel  |
===============================================
|           328            |    auto/auto     |
===============================================

Inferred memory devices in process
	in routine if_stage line 77 in file
		'/afs/umich.edu/user/n/o/nowakmr/eecs470/eecs470/vsimp_new/verilog/if_stage.v'.
===============================================================================
|    Register Name    |   Type    | Width | Bus | MB | AR | AS | SR | SS | ST |
===============================================================================
|     PC_reg_reg      | Flip-flop |  64   |  Y  | N  | N  | N  | N  | N  | N  |
===============================================================================

Inferred memory devices in process
	in routine if_stage line 87 in file
		'/afs/umich.edu/user/n/o/nowakmr/eecs470/eecs470/vsimp_new/verilog/if_stage.v'.
===============================================================================
|    Register Name    |   Type    | Width | Bus | MB | AR | AS | SR | SS | ST |
===============================================================================
| ready_for_valid_reg | Flip-flop |   1   |  N  | N  | N  | N  | N  | N  | N  |
===============================================================================

Inferred memory devices in process
	in routine mem_stage line 75 in file
		'/afs/umich.edu/user/n/o/nowakmr/eecs470/eecs470/vsimp_new/verilog/mem_stage.v'.
===============================================================================
|    Register Name    |   Type    | Width | Bus | MB | AR | AS | SR | SS | ST |
===============================================================================
| mem_waiting_tag_reg | Flip-flop |   4   |  Y  | N  | N  | N  | N  | N  | N  |
===============================================================================

Inferred memory devices in process
	in routine pipeline line 280 in file
		'/afs/umich.edu/user/n/o/nowakmr/eecs470/eecs470/vsimp_new/verilog/pipeline.v'.
================================================================================
|    Register Name     |   Type    | Width | Bus | MB | AR | AS | SR | SS | ST |
================================================================================
| if_id_valid_inst_reg | Flip-flop |   1   |  N  | N  | N  | N  | N  | N  | N  |
|    if_id_NPC_reg     | Flip-flop |  64   |  Y  | N  | N  | N  | N  | N  | N  |
|     if_id_IR_reg     | Flip-flop |  32   |  Y  | N  | N  | N  | N  | N  | N  |
================================================================================

Inferred memory devices in process
	in routine pipeline line 342 in file
		'/afs/umich.edu/user/n/o/nowakmr/eecs470/eecs470/vsimp_new/verilog/pipeline.v'.
===================================================================================
|      Register Name      |   Type    | Width | Bus | MB | AR | AS | SR | SS | ST |
===================================================================================
|  id_ex_valid_inst_reg   | Flip-flop |   1   |  N  | N  | N  | N  | N  | N  | N  |
|      id_ex_NPC_reg      | Flip-flop |  64   |  Y  | N  | N  | N  | N  | N  | N  |
|      id_ex_IR_reg       | Flip-flop |  32   |  Y  | N  | N  | N  | N  | N  | N  |
|     id_ex_rega_reg      | Flip-flop |  64   |  Y  | N  | N  | N  | N  | N  | N  |
|     id_ex_regb_reg      | Flip-flop |  64   |  Y  | N  | N  | N  | N  | N  | N  |
|  id_ex_opa_select_reg   | Flip-flop |   2   |  Y  | N  | N  | N  | N  | N  | N  |
|  id_ex_opb_select_reg   | Flip-flop |   2   |  Y  | N  | N  | N  | N  | N  | N  |
| id_ex_dest_reg_idx_reg  | Flip-flop |   5   |  Y  | N  | N  | N  | N  | N  | N  |
|   id_ex_alu_func_reg    | Flip-flop |   5   |  Y  | N  | N  | N  | N  | N  | N  |
|    id_ex_rd_mem_reg     | Flip-flop |   1   |  N  | N  | N  | N  | N  | N  | N  |
|    id_ex_wr_mem_reg     | Flip-flop |   1   |  N  | N  | N  | N  | N  | N  | N  |
|  id_ex_cond_branch_reg  | Flip-flop |   1   |  N  | N  | N  | N  | N  | N  | N  |
| id_ex_uncond_branch_reg | Flip-flop |   1   |  N  | N  | N  | N  | N  | N  | N  |
|     id_ex_halt_reg      | Flip-flop |   1   |  N  | N  | N  | N  | N  | N  | N  |
|    id_ex_illegal_reg    | Flip-flop |   1   |  N  | N  | N  | N  | N  | N  | N  |
===================================================================================

Inferred memory devices in process
	in routine pipeline line 416 in file
		'/afs/umich.edu/user/n/o/nowakmr/eecs470/eecs470/vsimp_new/verilog/pipeline.v'.
===================================================================================
|      Register Name      |   Type    | Width | Bus | MB | AR | AS | SR | SS | ST |
===================================================================================
| ex_mem_take_branch_reg  | Flip-flop |   1   |  N  | N  | N  | N  | N  | N  | N  |
|     ex_mem_NPC_reg      | Flip-flop |  64   |  Y  | N  | N  | N  | N  | N  | N  |
|      ex_mem_IR_reg      | Flip-flop |  32   |  Y  | N  | N  | N  | N  | N  | N  |
| ex_mem_dest_reg_idx_reg | Flip-flop |   5   |  Y  | N  | N  | N  | N  | N  | N  |
|    ex_mem_rd_mem_reg    | Flip-flop |   1   |  N  | N  | N  | N  | N  | N  | N  |
|    ex_mem_wr_mem_reg    | Flip-flop |   1   |  N  | N  | N  | N  | N  | N  | N  |
|     ex_mem_halt_reg     | Flip-flop |   1   |  N  | N  | N  | N  | N  | N  | N  |
|   ex_mem_illegal_reg    | Flip-flop |   1   |  N  | N  | N  | N  | N  | N  | N  |
|  ex_mem_valid_inst_reg  | Flip-flop |   1   |  N  | N  | N  | N  | N  | N  | N  |
|     ex_mem_rega_reg     | Flip-flop |  64   |  Y  | N  | N  | N  | N  | N  | N  |
|  ex_mem_alu_result_reg  | Flip-flop |  64   |  Y  | N  | N  | N  | N  | N  | N  |
===================================================================================

Inferred memory devices in process
	in routine pipeline line 488 in file
		'/afs/umich.edu/user/n/o/nowakmr/eecs470/eecs470/vsimp_new/verilog/pipeline.v'.
===================================================================================
|      Register Name      |   Type    | Width | Bus | MB | AR | AS | SR | SS | ST |
===================================================================================
|    mem_wb_result_reg    | Flip-flop |  64   |  Y  | N  | N  | N  | N  | N  | N  |
|     mem_wb_NPC_reg      | Flip-flop |  64   |  Y  | N  | N  | N  | N  | N  | N  |
|      mem_wb_IR_reg      | Flip-flop |  32   |  Y  | N  | N  | N  | N  | N  | N  |
|     mem_wb_halt_reg     | Flip-flop |   1   |  N  | N  | N  | N  | N  | N  | N  |
|   mem_wb_illegal_reg    | Flip-flop |   1   |  N  | N  | N  | N  | N  | N  | N  |
|  mem_wb_valid_inst_reg  | Flip-flop |   1   |  N  | N  | N  | N  | N  | N  | N  |
| mem_wb_dest_reg_idx_reg | Flip-flop |   5   |  Y  | N  | N  | N  | N  | N  | N  |
| mem_wb_take_branch_reg  | Flip-flop |   1   |  N  | N  | N  | N  | N  | N  | N  |
===================================================================================

Inferred memory devices in process
	in routine regfile line 55 in file
		'/afs/umich.edu/user/n/o/nowakmr/eecs470/eecs470/vsimp_new/verilog/regfile.v'.
===============================================================================
|    Register Name    |   Type    | Width | Bus | MB | AR | AS | SR | SS | ST |
===============================================================================
|    registers_reg    | Flip-flop |  64   |  Y  | N  | N  | N  | N  | N  | N  |
|    registers_reg    | Flip-flop |  64   |  Y  | N  | N  | N  | N  | N  | N  |
|    registers_reg    | Flip-flop |  64   |  Y  | N  | N  | N  | N  | N  | N  |
|    registers_reg    | Flip-flop |  64   |  Y  | N  | N  | N  | N  | N  | N  |
|    registers_reg    | Flip-flop |  64   |  Y  | N  | N  | N  | N  | N  | N  |
|    registers_reg    | Flip-flop |  64   |  Y  | N  | N  | N  | N  | N  | N  |
|    registers_reg    | Flip-flop |  64   |  Y  | N  | N  | N  | N  | N  | N  |
|    registers_reg    | Flip-flop |  64   |  Y  | N  | N  | N  | N  | N  | N  |
|    registers_reg    | Flip-flop |  64   |  Y  | N  | N  | N  | N  | N  | N  |
|    registers_reg    | Flip-flop |  64   |  Y  | N  | N  | N  | N  | N  | N  |
|    registers_reg    | Flip-flop |  64   |  Y  | N  | N  | N  | N  | N  | N  |
|    registers_reg    | Flip-flop |  64   |  Y  | N  | N  | N  | N  | N  | N  |
|    registers_reg    | Flip-flop |  64   |  Y  | N  | N  | N  | N  | N  | N  |
|    registers_reg    | Flip-flop |  64   |  Y  | N  | N  | N  | N  | N  | N  |
|    registers_reg    | Flip-flop |  64   |  Y  | N  | N  | N  | N  | N  | N  |
|    registers_reg    | Flip-flop |  64   |  Y  | N  | N  | N  | N  | N  | N  |
|    registers_reg    | Flip-flop |  64   |  Y  | N  | N  | N  | N  | N  | N  |
|    registers_reg    | Flip-flop |  64   |  Y  | N  | N  | N  | N  | N  | N  |
|    registers_reg    | Flip-flop |  64   |  Y  | N  | N  | N  | N  | N  | N  |
|    registers_reg    | Flip-flop |  64   |  Y  | N  | N  | N  | N  | N  | N  |
|    registers_reg    | Flip-flop |  64   |  Y  | N  | N  | N  | N  | N  | N  |
|    registers_reg    | Flip-flop |  64   |  Y  | N  | N  | N  | N  | N  | N  |
|    registers_reg    | Flip-flop |  64   |  Y  | N  | N  | N  | N  | N  | N  |
|    registers_reg    | Flip-flop |  64   |  Y  | N  | N  | N  | N  | N  | N  |
|    registers_reg    | Flip-flop |  64   |  Y  | N  | N  | N  | N  | N  | N  |
|    registers_reg    | Flip-flop |  64   |  Y  | N  | N  | N  | N  | N  | N  |
|    registers_reg    | Flip-flop |  64   |  Y  | N  | N  | N  | N  | N  | N  |
|    registers_reg    | Flip-flop |  64   |  Y  | N  | N  | N  | N  | N  | N  |
|    registers_reg    | Flip-flop |  64   |  Y  | N  | N  | N  | N  | N  | N  |
|    registers_reg    | Flip-flop |  64   |  Y  | N  | N  | N  | N  | N  | N  |
|    registers_reg    | Flip-flop |  64   |  Y  | N  | N  | N  | N  | N  | N  |
|    registers_reg    | Flip-flop |  64   |  Y  | N  | N  | N  | N  | N  | N  |
===============================================================================
Statistics for MUX_OPs
===========================================================
| block name/line  | Inputs | Outputs | # sel inputs | MB |
===========================================================
|    regfile/27    |   32   |   64    |      5       | N  |
|    regfile/28    |   32   |   64    |      5       | N  |
===========================================================
Presto compilation completed successfully.
Current design is now '/afs/umich.edu/user/n/o/nowakmr/eecs470/eecs470/vsimp_new/verilog/alu.db:alu'
Loaded 11 designs.
Current design is 'alu'.
alu brcond ex_stage icache decoder id_stage if_stage mem_stage pipeline regfile wb_stage
set design_name [getenv PIPELINE_NAME]
pipeline
set clock_name [getenv CLOCK_NET_NAME]
clock
set reset_name [getenv RESET_NET_NAME]
reset
set CLK_PERIOD [getenv CLOCK_PERIOD]
50	
#/***********************************************************/
#/* The rest of this file may be left alone for most small  */
#/* to moderate sized designs.  You may need to alter it    */
#/* when synthesizing your final project.                   */
#/***********************************************************/
set SYN_DIR ./
./
#/***********************************************************/
#/* Set some flags for optimisation */
set compile_top_all_paths "true"
true
set auto_wire_load_selection "false"
false
set compile_seqmap_synchronous_extraction "true"
true
# uncomment this and change number appropriately if on multi-core machine
#set_host_options -max_cores 2
#/***********************************************************/
#/*  Clk Periods/uncertainty/transition                     */
set CLK_TRANSITION 0.1
0.1
set CLK_UNCERTAINTY 0.1
0.1
set CLK_LATENCY 0.1
0.1
#/* Input/output Delay values */
set AVG_INPUT_DELAY 0.1
0.1
set AVG_OUTPUT_DELAY 0.1
0.1
#/* Critical Range (ns) */
set CRIT_RANGE 1.0
1.0
#/***********************************************************/
#/* Design Constrains: Not all used                         */
set MAX_TRANSITION 1.0
1.0
set FAST_TRANSITION 0.1
0.1
set MAX_FANOUT 32
32
set MID_FANOUT 8
8
set LOW_FANOUT 1
1
set HIGH_DRIVE 0
0
set HIGH_LOAD 1.0
1.0
set AVG_LOAD 0.1
0.1
set AVG_FANOUT_LOAD 10
10
#/***********************************************************/
#/*BASIC_INPUT = cb18os120_tsmc_max/nd02d1/A1
#BASIC_OUTPUT = cb18os120_tsmc_max/nd02d1/ZN*/
set DRIVING_CELL dffacs1
dffacs1
#/* DONT_USE_LIST = {   } */
#/*************operation cons**************/
#/*OP_WCASE = WCCOM;
#OP_BCASE = BCCOM;*/
set WIRE_LOAD "tsmcwire"
tsmcwire
set LOGICLIB lec25dscc25_TT
lec25dscc25_TT
#/*****************************/
#/* Sourcing the file that sets the Search path and the libraries(target,link) */
set sys_clk $clock_name
clock
set netlist_file [format "%s%s"  [format "%s%s"  $SYN_DIR $design_name] ".vg"]
./pipeline.vg
set ddc_file [format "%s%s"  [format "%s%s"  $SYN_DIR $design_name] ".ddc"]
./pipeline.ddc
set rep_file [format "%s%s"  [format "%s%s"  $SYN_DIR $design_name] ".rep"]
./pipeline.rep
set dc_shell_status [ set chk_file [format "%s%s"  [format "%s%s"  $SYN_DIR $design_name] ".chk"] ]
./pipeline.chk
#/* if we didnt find errors at this point, run */
if {  $dc_shell_status != [list] } {
   current_design $design_name
  link
  set_wire_load_model -name $WIRE_LOAD -lib $LOGICLIB $design_name
  set_wire_load_mode top
  set_fix_multiple_port_nets -outputs -buffer_constants
  create_clock -period $CLK_PERIOD -name $sys_clk [find port $sys_clk]
  set_clock_uncertainty $CLK_UNCERTAINTY $sys_clk
  set_fix_hold $sys_clk
  group_path -from [all_inputs] -name input_grp
  group_path -to [all_outputs] -name output_grp
  set_driving_cell  -lib_cell $DRIVING_CELL [all_inputs]
  remove_driving_cell [find port $sys_clk]
  set_fanout_load $AVG_FANOUT_LOAD [all_outputs]
  set_load $AVG_LOAD [all_outputs]
  set_input_delay $AVG_INPUT_DELAY -clock $sys_clk [all_inputs]
  remove_input_delay -clock $sys_clk [find port $sys_clk]
  set_output_delay $AVG_OUTPUT_DELAY -clock $sys_clk [all_outputs]
  set_dont_touch $reset_name
  set_resistance 0 $reset_name
  set_drive 0 $reset_name
  set_critical_range $CRIT_RANGE [current_design]
  set_max_delay $CLK_PERIOD [all_outputs]
  set MAX_FANOUT $MAX_FANOUT
  set MAX_TRANSITION $MAX_TRANSITION
  uniquify
  ungroup -all -flatten
  redirect $chk_file { check_design }
  compile -map_effort medium
  write -hier -format verilog -output $netlist_file $design_name
  write -hier -format ddc -output $ddc_file $design_name
  redirect $rep_file { report_design -nosplit }
  redirect -append $rep_file { report_area }
  redirect -append $rep_file { report_timing -max_paths 2 -input_pins -nets -transition_time -nosplit }
  redirect -append $rep_file { report_constraint -max_delay -verbose -nosplit }
  remove_design -all
  read_file -format verilog $netlist_file
  current_design $design_name
  redirect -append $rep_file { report_reference -nosplit }
  quit
} else {
   quit
}
Current design is 'pipeline'.

  Linking design 'pipeline'
  Using the following designs and libraries:
  --------------------------------------------------------------------------
  * (12 designs)              /afs/umich.edu/user/n/o/nowakmr/eecs470/eecs470/vsimp_new/verilog/pipeline.db, etc
  lec25dscc25_TT (library)    /usr/caen/generic/mentor_lib-D.1/public/eecs470/synopsys/lec25dscc25_TT.db

Current design is 'pipeline'.
Information: Updating graph... (UID-83)
Warning: Design 'pipeline' contains 3 high-fanout nets. A fanout number of 1000 will be used for delay calculations involving these nets. (TIM-134)
Information: Evaluating DesignWare library utilization. (UISN-27)

============================================================================
| DesignWare Building Block Library  |         Version         | Available |
============================================================================
| Basic DW Building Blocks           | G-2012.06-DWBB_201206.0 |     *     |
| Licensed DW Building Blocks        |                         |           |
============================================================================


Information: There are 89 potential problems in your design. Please run 'check_design' for more information. (LINT-99)



  Beginning Pass 1 Mapping
  ------------------------
  Processing 'pipeline'

  Updating timing information
Information: Updating design information... (UID-85)

  Beginning Implementation Selection
  ----------------------------------
  Processing 'pipeline_DW01_cmp6_0'
  Processing 'pipeline_DW01_ash_0'
  Processing 'pipeline_DW01_sub_0'
  Processing 'pipeline_DW01_ash_1'
  Processing 'pipeline_DW01_sub_1'
  Processing 'pipeline_DW01_add_0'
  Processing 'pipeline_DW01_cmp6_1'
  Processing 'pipeline_DW01_cmp6_2'
  Processing 'pipeline_DW01_add_1'
  Processing 'pipeline_DW01_cmp6_3'
  Processing 'pipeline_DW01_cmp6_4'
  Processing 'pipeline_DW01_cmp6_5'
  Processing 'pipeline_DW_rash_0'
  Processing 'pipeline_DW02_mult_0'
  Processing 'pipeline_DW01_add_2'

  Beginning Mapping Optimizations  (Medium effort)
  -------------------------------

   ELAPSED            WORST NEG TOTAL NEG  DESIGN                             MIN DELAY
    TIME      AREA      SLACK     SLACK   RULE COST         ENDPOINT            COST   
  --------- --------- --------- --------- --------- ------------------------- ---------
    0:00:48 5252040.6      0.00       0.0     663.5                                0.00
    0:00:48 5252040.6      0.00       0.0     663.5                                0.00
    0:00:55 5123339.9      0.00       0.0     255.6                                0.00
    0:00:55 5123339.9      0.00       0.0     255.6                                0.00
    0:00:55 5123339.9      0.00       0.0     255.6                                0.00
    0:00:56 5123339.9      0.00       0.0     255.6                                0.00
    0:00:56 5123339.9      0.00       0.0     255.6                                0.00
    0:00:56 5123339.9      0.00       0.0     255.6                                0.00
    0:01:05 4356239.6      0.00       0.0       7.9                                0.00
    0:01:06 4350388.7      0.00       0.0       7.9                                0.00
    0:01:08 4350388.7      0.00       0.0       7.9                                0.00
    0:01:08 4350388.7      0.00       0.0       7.9                                0.00
    0:01:08 4350388.7      0.00       0.0       7.9                                0.00
    0:01:08 4350372.2      0.00       0.0       7.9                                0.00
    0:01:08 4350372.2      0.00       0.0       7.9                                0.00
    0:01:09 4351210.4      0.00       0.0       0.1                                0.00
    0:01:09 4351252.1      0.00       0.0       0.0                                0.00
    0:01:09 4351285.6      0.00       0.0       0.0                                0.00
    0:01:09 4351302.4      0.00       0.0       0.0                                0.00
    0:01:09 4351302.4      0.00       0.0       0.0                                0.00
    0:01:10 4351302.4      0.00       0.0       0.0                                0.00
    0:01:10 4351302.4      0.00       0.0       0.0                                0.00
    0:01:10 4351302.4      0.00       0.0       0.0                                0.00



  Beginning Delay Optimization Phase
  ----------------------------------

   ELAPSED            WORST NEG TOTAL NEG  DESIGN                             MIN DELAY
    TIME      AREA      SLACK     SLACK   RULE COST         ENDPOINT            COST   
  --------- --------- --------- --------- --------- ------------------------- ---------
    0:01:10 4351302.4      0.00       0.0       0.0                                0.00
    0:01:10 4351302.4      0.00       0.0       0.0                                0.00
    0:01:24 4308493.3      0.00       0.0    1176.5                                0.00
    0:01:25 4308133.9      0.00       0.0    1178.7                                0.00


  Beginning Design Rule Fixing  (min_path)  (max_transition)  (max_fanout)
  ----------------------------

   ELAPSED            WORST NEG TOTAL NEG  DESIGN                             MIN DELAY
    TIME      AREA      SLACK     SLACK   RULE COST         ENDPOINT            COST   
  --------- --------- --------- --------- --------- ------------------------- ---------
    0:01:27 4308133.9      0.00       0.0    1178.7                              -16.52
    0:01:29 4308784.2      0.00       0.0     980.9 n1069                        -16.52
    0:01:29 4312121.6      0.00       0.0      66.9 pipeline_commit_wr_idx[2]    -16.51
    0:01:30 4312627.5      0.00       0.0      61.2 id_stage_0/regf_0/N19        -16.55
    0:01:31 4315011.7      0.00       0.0       0.0 id_ex_IR_reg[5]/DIN          -13.56
    0:01:32 4319180.5      0.00       0.0       0.0 mem_wb_IR_reg[14]/DIN         -6.15
    0:01:32 4319730.3      0.00       0.0       0.0                               -5.08


  Beginning Critical Range Optimization
  -------------------------------------

   ELAPSED            WORST NEG TOTAL NEG  DESIGN                             MIN DELAY
    TIME      AREA      SLACK     SLACK   RULE COST         ENDPOINT            COST   
  --------- --------- --------- --------- --------- ------------------------- ---------
    0:01:32 4319730.3      0.00       0.0       0.0                               -5.08


  Beginning Area-Recovery Phase  (cleanup)
  -----------------------------

   ELAPSED            WORST NEG TOTAL NEG  DESIGN                             MIN DELAY
    TIME      AREA      SLACK     SLACK   RULE COST         ENDPOINT            COST   
  --------- --------- --------- --------- --------- ------------------------- ---------
    0:01:32 4319730.3      0.00       0.0       0.0                               -5.08
    0:01:32 4319730.3      0.00       0.0       0.0                               -5.08
    0:01:32 4319730.3      0.00       0.0       0.0                               -5.08
    0:01:34 4307814.7      0.00       0.0       0.0                               -5.08
    0:01:35 4298873.7      0.00       0.0       0.0                               -5.08
    0:01:36 4293764.8      0.00       0.0       0.0                               -5.08
    0:01:37 4291088.8      0.00       0.0       0.0                               -5.08
    0:01:38 4289919.0      0.00       0.0       0.0                               -5.08
    0:01:38 4289350.5      0.00       0.0       0.0                               -5.08
    0:01:39 4288882.3      0.00       0.0       0.0                               -5.08
    0:01:39 4288547.9      0.00       0.0       0.0                               -5.08
    0:01:39 4288205.1      0.00       0.0       0.0                               -5.07
    0:01:40 4287904.2      0.00       0.0       0.0                               -5.07
    0:01:40 4287670.1      0.00       0.0       0.0                               -5.07
    0:01:40 4287436.0      0.00       0.0       0.0                               -5.07
    0:01:40 4287202.0      0.00       0.0       0.0                               -5.07
    0:01:41 4286968.0      0.00       0.0       0.0                               -5.07
    0:01:41 4286733.9      0.00       0.0       0.0                               -5.07
    0:01:41 4286499.6      0.00       0.0       0.0                               -5.07
    0:01:41 4286499.6      0.00       0.0       0.0                               -5.07
    0:01:41 4286499.6      0.00       0.0       0.0                               -5.07
    0:01:41 4286499.6      0.00       0.0       0.0                               -5.07
    0:01:41 4286499.6      0.00       0.0       0.0                               -5.07
    0:01:42 4286433.3      0.00       0.0       0.0                               -5.10
    0:01:42 4286433.3      0.00       0.0       0.0                               -5.10
    0:01:42 4286433.3      0.00       0.0       0.0                               -5.10
    0:01:42 4286433.3      0.00       0.0       0.0                               -5.10
    0:01:42 4286433.3      0.00       0.0       0.0                               -5.10
    0:01:42 4286433.3      0.00       0.0       0.0                               -5.10
    0:01:42 4286433.3      0.00       0.0       0.0                               -5.10
    0:01:42 4286449.9      0.00       0.0       0.0                               -5.07


  Beginning Critical Range Optimization
  -------------------------------------

   ELAPSED            WORST NEG TOTAL NEG  DESIGN                             MIN DELAY
    TIME      AREA      SLACK     SLACK   RULE COST         ENDPOINT            COST   
  --------- --------- --------- --------- --------- ------------------------- ---------
    0:01:42 4286449.9      0.00       0.0       0.0                               -5.07
    0:01:43 4286616.1      0.00       0.0       0.0                               -5.07
Loading db file '/usr/caen/generic/mentor_lib-D.1/public/eecs470/synopsys/lec25dscc25_TT.db'

  Optimization Complete
  ---------------------
Warning: Design 'pipeline' contains 1 high-fanout nets. A fanout number of 1000 will be used for delay calculations involving these nets. (TIM-134)
     Net 'clock': 14033 load(s), 1 driver(s)
Writing verilog file '/afs/umich.edu/user/n/o/nowakmr/eecs470/eecs470/vsimp_new/synth/pipeline.vg'.
Warning: Verilog 'assign' or 'tran' statements are written out. (VO-4)
Warning: Verilog writer has added 64 nets to module pipeline using SYNOPSYS_UNCONNECTED_ as prefix.  Please use the change_names command to make the correct changes before invoking the verilog writer.  (VO-11)
Writing ddc file './pipeline.ddc'.
Removing design 'cache'
Removing design 'pipeline'
Removing design 'pipeline_DW01_cmp6_0'
Removing design 'pipeline_DW01_ash_1'
Removing design 'pipeline_DW01_sub_1'
Removing design 'pipeline_DW01_add_0'
Removing design 'pipeline_DW01_add_1'
Removing design 'pipeline_DW01_cmp6_5'
Removing design 'pipeline_DW_rash_0'
Removing design 'pipeline_DW02_mult_0'
Removing library 'lec25dscc25_TT'
Removing library 'gtech'
Removing library 'standard.sldb'
Loading db file '/usr/caen/generic/mentor_lib-D.1/public/eecs470/synopsys/lec25dscc25_TT.db'
Loading db file '/usr/caen/synopsys-synth-2012.06/libraries/syn/gtech.db'
Loading db file '/usr/caen/synopsys-synth-2012.06/libraries/syn/standard.sldb'
  Loading link library 'lec25dscc25_TT'
  Loading link library 'gtech'
Loading verilog file '/afs/umich.edu/user/n/o/nowakmr/eecs470/eecs470/vsimp_new/synth/pipeline.vg'
Detecting input file type automatically (-rtl or -netlist).
Running DC verilog reader
Performing 'read' command.
Compiling source file /afs/umich.edu/user/n/o/nowakmr/eecs470/eecs470/vsimp_new/synth/pipeline.vg
Reading with netlist reader (equivalent to -netlist option).
Verilog netlist reader completed successfully.
Current design is now '/afs/umich.edu/user/n/o/nowakmr/eecs470/eecs470/vsimp_new/synth/cache.db:cache'
Loaded 10 designs.
Current design is 'cache'.
Current design is 'pipeline'.

Thank you...
