
                      Design Compiler Graphical
                            DC Ultra (TM)
                             DFTMAX (TM)
                         Power Compiler (TM)
                           DesignWare (R)
                           DC Expert (TM)
                         Design Vision (TM)
                          HDL Compiler (TM)
                         VHDL Compiler (TM)
                            DFT Compiler
                        Library Compiler (TM)
                         Design Compiler(R)

            Version G-2012.06 for RHEL64 -- May 30, 2012
               Copyright (c) 1988-2012 Synopsys, Inc.

This software and the associated documentation are confidential and 
proprietary to Synopsys, Inc. Your use or disclosure of this software 
is subject to the terms and conditions of a written license agreement 
between you, or your company, and Synopsys, Inc.

Initializing...
#/***********************************************************/
#/*   FILE        : defaults.tcl                            */
#/*   Description : Default Synopsys Design Compiler Script */
#/*   Usage       : dc_shell -tcl_mode -f default.tcl       */
#/*   You'll need to minimally set design_name & read files */
#/***********************************************************/
set search_path [ list "./" "/usr/caen/generic/mentor_lib-D.1/public/eecs470/synopsys/" ]
./ /usr/caen/generic/mentor_lib-D.1/public/eecs470/synopsys/
set target_library "lec25dscc25_TT.db"
lec25dscc25_TT.db
set link_library [concat  "*" $target_library]
* lec25dscc25_TT.db
#/***********************************************************/
#/* Set some flags to suppress warnings we don't care about */
set suppress_errors [concat $suppress_errors "UID-401"]
UID-401
suppress_message {"VER-130"}
#/***********************************************************/
#/* The following five lines must be updated for every      */
#/* new design                                              */
#/***********************************************************/
read_file -f verilog [list "../sys_defs.vh" "../verilog/pipeline.v" "../verilog/if_stage.v" "../verilog/id_stage.v" "../verilog/ex_stage.v" "../verilog/mem_stage.v" "../verilog/wb_stage.v" "../verilog/regfile.v"]
Loading db file '/usr/caen/generic/mentor_lib-D.1/public/eecs470/synopsys/lec25dscc25_TT.db'
Loading db file '/usr/caen/synopsys-synth-2012.06/libraries/syn/gtech.db'
Loading db file '/usr/caen/synopsys-synth-2012.06/libraries/syn/standard.sldb'
  Loading link library 'lec25dscc25_TT'
  Loading link library 'gtech'
Loading verilog files: '/afs/umich.edu/user/n/o/nowakmr/eecs470/eecs470/vsimp_base/sys_defs.vh' '/afs/umich.edu/user/n/o/nowakmr/eecs470/eecs470/vsimp_base/verilog/pipeline.v' '/afs/umich.edu/user/n/o/nowakmr/eecs470/eecs470/vsimp_base/verilog/if_stage.v' '/afs/umich.edu/user/n/o/nowakmr/eecs470/eecs470/vsimp_base/verilog/id_stage.v' '/afs/umich.edu/user/n/o/nowakmr/eecs470/eecs470/vsimp_base/verilog/ex_stage.v' '/afs/umich.edu/user/n/o/nowakmr/eecs470/eecs470/vsimp_base/verilog/mem_stage.v' '/afs/umich.edu/user/n/o/nowakmr/eecs470/eecs470/vsimp_base/verilog/wb_stage.v' '/afs/umich.edu/user/n/o/nowakmr/eecs470/eecs470/vsimp_base/verilog/regfile.v' 
Detecting input file type automatically (-rtl or -netlist).
Running DC verilog reader
Reading with Presto HDL Compiler (equivalent to -rtl option).
Running PRESTO HDLC
Compiling source file /afs/umich.edu/user/n/o/nowakmr/eecs470/eecs470/vsimp_base/sys_defs.vh
Compiling source file /afs/umich.edu/user/n/o/nowakmr/eecs470/eecs470/vsimp_base/verilog/pipeline.v
Compiling source file /afs/umich.edu/user/n/o/nowakmr/eecs470/eecs470/vsimp_base/verilog/if_stage.v
Compiling source file /afs/umich.edu/user/n/o/nowakmr/eecs470/eecs470/vsimp_base/verilog/id_stage.v
Compiling source file /afs/umich.edu/user/n/o/nowakmr/eecs470/eecs470/vsimp_base/verilog/ex_stage.v
Compiling source file /afs/umich.edu/user/n/o/nowakmr/eecs470/eecs470/vsimp_base/verilog/mem_stage.v
Compiling source file /afs/umich.edu/user/n/o/nowakmr/eecs470/eecs470/vsimp_base/verilog/wb_stage.v
Compiling source file /afs/umich.edu/user/n/o/nowakmr/eecs470/eecs470/vsimp_base/verilog/regfile.v

Inferred memory devices in process
	in routine pipeline line 219 in file
		'/afs/umich.edu/user/n/o/nowakmr/eecs470/eecs470/vsimp_base/verilog/pipeline.v'.
================================================================================
|    Register Name     |   Type    | Width | Bus | MB | AR | AS | SR | SS | ST |
================================================================================
|    if_id_NPC_reg     | Flip-flop |  64   |  Y  | N  | N  | N  | Y  | N  | N  |
|     if_id_IR_reg     | Flip-flop |  14   |  Y  | N  | N  | N  | Y  | N  | N  |
|     if_id_IR_reg     | Flip-flop |  18   |  Y  | N  | N  | N  | N  | Y  | N  |
| if_id_valid_inst_reg | Flip-flop |   1   |  N  | N  | N  | N  | Y  | N  | N  |
================================================================================

Inferred memory devices in process
	in routine pipeline line 274 in file
		'/afs/umich.edu/user/n/o/nowakmr/eecs470/eecs470/vsimp_base/verilog/pipeline.v'.
===================================================================================
|      Register Name      |   Type    | Width | Bus | MB | AR | AS | SR | SS | ST |
===================================================================================
|     id_ex_halt_reg      | Flip-flop |   1   |  N  | N  | N  | N  | Y  | N  | N  |
|    id_ex_illegal_reg    | Flip-flop |   1   |  N  | N  | N  | N  | Y  | N  | N  |
|  id_ex_valid_inst_reg   | Flip-flop |   1   |  N  | N  | N  | N  | Y  | N  | N  |
|      id_ex_NPC_reg      | Flip-flop |  64   |  Y  | N  | N  | N  | Y  | N  | N  |
|      id_ex_IR_reg       | Flip-flop |  14   |  Y  | N  | N  | N  | Y  | N  | N  |
|      id_ex_IR_reg       | Flip-flop |  18   |  Y  | N  | N  | N  | N  | Y  | N  |
|     id_ex_rega_reg      | Flip-flop |  64   |  Y  | N  | N  | N  | Y  | N  | N  |
|     id_ex_regb_reg      | Flip-flop |  64   |  Y  | N  | N  | N  | Y  | N  | N  |
|  id_ex_opa_select_reg   | Flip-flop |   2   |  Y  | N  | N  | N  | Y  | N  | N  |
|  id_ex_opb_select_reg   | Flip-flop |   2   |  Y  | N  | N  | N  | Y  | N  | N  |
| id_ex_dest_reg_idx_reg  | Flip-flop |   5   |  Y  | N  | N  | N  | N  | Y  | N  |
|   id_ex_alu_func_reg    | Flip-flop |   5   |  Y  | N  | N  | N  | Y  | N  | N  |
|    id_ex_rd_mem_reg     | Flip-flop |   1   |  N  | N  | N  | N  | Y  | N  | N  |
|    id_ex_wr_mem_reg     | Flip-flop |   1   |  N  | N  | N  | N  | Y  | N  | N  |
|  id_ex_cond_branch_reg  | Flip-flop |   1   |  N  | N  | N  | N  | Y  | N  | N  |
| id_ex_uncond_branch_reg | Flip-flop |   1   |  N  | N  | N  | N  | Y  | N  | N  |
===================================================================================

Inferred memory devices in process
	in routine pipeline line 349 in file
		'/afs/umich.edu/user/n/o/nowakmr/eecs470/eecs470/vsimp_base/verilog/pipeline.v'.
===================================================================================
|      Register Name      |   Type    | Width | Bus | MB | AR | AS | SR | SS | ST |
===================================================================================
|     ex_mem_rega_reg     | Flip-flop |  64   |  Y  | N  | N  | N  | Y  | N  | N  |
|  ex_mem_alu_result_reg  | Flip-flop |  64   |  Y  | N  | N  | N  | Y  | N  | N  |
| ex_mem_take_branch_reg  | Flip-flop |   1   |  N  | N  | N  | N  | Y  | N  | N  |
|     ex_mem_NPC_reg      | Flip-flop |  64   |  Y  | N  | N  | N  | Y  | N  | N  |
|      ex_mem_IR_reg      | Flip-flop |  14   |  Y  | N  | N  | N  | Y  | N  | N  |
|      ex_mem_IR_reg      | Flip-flop |  18   |  Y  | N  | N  | N  | N  | Y  | N  |
| ex_mem_dest_reg_idx_reg | Flip-flop |   5   |  Y  | N  | N  | N  | N  | Y  | N  |
|    ex_mem_rd_mem_reg    | Flip-flop |   1   |  N  | N  | N  | N  | Y  | N  | N  |
|    ex_mem_wr_mem_reg    | Flip-flop |   1   |  N  | N  | N  | N  | Y  | N  | N  |
|     ex_mem_halt_reg     | Flip-flop |   1   |  N  | N  | N  | N  | Y  | N  | N  |
|   ex_mem_illegal_reg    | Flip-flop |   1   |  N  | N  | N  | N  | Y  | N  | N  |
|  ex_mem_valid_inst_reg  | Flip-flop |   1   |  N  | N  | N  | N  | Y  | N  | N  |
===================================================================================

Inferred memory devices in process
	in routine pipeline line 416 in file
		'/afs/umich.edu/user/n/o/nowakmr/eecs470/eecs470/vsimp_base/verilog/pipeline.v'.
===================================================================================
|      Register Name      |   Type    | Width | Bus | MB | AR | AS | SR | SS | ST |
===================================================================================
| mem_wb_dest_reg_idx_reg | Flip-flop |   5   |  Y  | N  | N  | N  | N  | Y  | N  |
| mem_wb_take_branch_reg  | Flip-flop |   1   |  N  | N  | N  | N  | Y  | N  | N  |
|    mem_wb_result_reg    | Flip-flop |  64   |  Y  | N  | N  | N  | Y  | N  | N  |
|     mem_wb_NPC_reg      | Flip-flop |  64   |  Y  | N  | N  | N  | Y  | N  | N  |
|      mem_wb_IR_reg      | Flip-flop |  14   |  Y  | N  | N  | N  | Y  | N  | N  |
|      mem_wb_IR_reg      | Flip-flop |  18   |  Y  | N  | N  | N  | N  | Y  | N  |
|     mem_wb_halt_reg     | Flip-flop |   1   |  N  | N  | N  | N  | Y  | N  | N  |
|   mem_wb_illegal_reg    | Flip-flop |   1   |  N  | N  | N  | N  | Y  | N  | N  |
|  mem_wb_valid_inst_reg  | Flip-flop |   1   |  N  | N  | N  | N  | Y  | N  | N  |
===================================================================================

Inferred memory devices in process
	in routine if_stage line 70 in file
		'/afs/umich.edu/user/n/o/nowakmr/eecs470/eecs470/vsimp_base/verilog/if_stage.v'.
===============================================================================
|    Register Name    |   Type    | Width | Bus | MB | AR | AS | SR | SS | ST |
===============================================================================
|     PC_reg_reg      | Flip-flop |  64   |  Y  | N  | N  | N  | Y  | N  | N  |
===============================================================================

Inferred memory devices in process
	in routine if_stage line 82 in file
		'/afs/umich.edu/user/n/o/nowakmr/eecs470/eecs470/vsimp_base/verilog/if_stage.v'.
=================================================================================
|     Register Name     |   Type    | Width | Bus | MB | AR | AS | SR | SS | ST |
=================================================================================
| if_valid_inst_out_reg | Flip-flop |   1   |  N  | N  | N  | N  | N  | Y  | N  |
=================================================================================

Statistics for case statements in always block at line 55 in file
	'/afs/umich.edu/user/n/o/nowakmr/eecs470/eecs470/vsimp_base/verilog/id_stage.v'
===============================================
|           Line           |  full/ parallel  |
===============================================
|            75            |    auto/auto     |
|            77            |    auto/auto     |
|            91            |    auto/auto     |
|            93            |    auto/auto     |
|           104            |    auto/auto     |
|           114            |    auto/auto     |
|           121            |    auto/auto     |
|           133            |     no/auto      |
|           153            |    auto/auto     |
|           174            |    auto/auto     |
===============================================

Statistics for case statements in always block at line 293 in file
	'/afs/umich.edu/user/n/o/nowakmr/eecs470/eecs470/vsimp_base/verilog/id_stage.v'
===============================================
|           Line           |  full/ parallel  |
===============================================
|           295            |    auto/auto     |
===============================================

Statistics for case statements in always block at line 50 in file
	'/afs/umich.edu/user/n/o/nowakmr/eecs470/eecs470/vsimp_base/verilog/ex_stage.v'
===============================================
|           Line           |  full/ parallel  |
===============================================
|            52            |    auto/auto     |
===============================================

Statistics for case statements in always block at line 101 in file
	'/afs/umich.edu/user/n/o/nowakmr/eecs470/eecs470/vsimp_base/verilog/ex_stage.v'
===============================================
|           Line           |  full/ parallel  |
===============================================
|           103            |    auto/auto     |
===============================================

Statistics for case statements in always block at line 164 in file
	'/afs/umich.edu/user/n/o/nowakmr/eecs470/eecs470/vsimp_base/verilog/ex_stage.v'
===============================================
|           Line           |  full/ parallel  |
===============================================
|           166            |    auto/auto     |
===============================================

Statistics for case statements in always block at line 177 in file
	'/afs/umich.edu/user/n/o/nowakmr/eecs470/eecs470/vsimp_base/verilog/ex_stage.v'
===============================================
|           Line           |  full/ parallel  |
===============================================
|           182            |     no/auto      |
===============================================

Inferred memory devices in process
	in routine regfile line 55 in file
		'/afs/umich.edu/user/n/o/nowakmr/eecs470/eecs470/vsimp_base/verilog/regfile.v'.
===============================================================================
|    Register Name    |   Type    | Width | Bus | MB | AR | AS | SR | SS | ST |
===============================================================================
|    registers_reg    | Flip-flop |  64   |  Y  | N  | N  | N  | N  | N  | N  |
|    registers_reg    | Flip-flop |  64   |  Y  | N  | N  | N  | N  | N  | N  |
|    registers_reg    | Flip-flop |  64   |  Y  | N  | N  | N  | N  | N  | N  |
|    registers_reg    | Flip-flop |  64   |  Y  | N  | N  | N  | N  | N  | N  |
|    registers_reg    | Flip-flop |  64   |  Y  | N  | N  | N  | N  | N  | N  |
|    registers_reg    | Flip-flop |  64   |  Y  | N  | N  | N  | N  | N  | N  |
|    registers_reg    | Flip-flop |  64   |  Y  | N  | N  | N  | N  | N  | N  |
|    registers_reg    | Flip-flop |  64   |  Y  | N  | N  | N  | N  | N  | N  |
|    registers_reg    | Flip-flop |  64   |  Y  | N  | N  | N  | N  | N  | N  |
|    registers_reg    | Flip-flop |  64   |  Y  | N  | N  | N  | N  | N  | N  |
|    registers_reg    | Flip-flop |  64   |  Y  | N  | N  | N  | N  | N  | N  |
|    registers_reg    | Flip-flop |  64   |  Y  | N  | N  | N  | N  | N  | N  |
|    registers_reg    | Flip-flop |  64   |  Y  | N  | N  | N  | N  | N  | N  |
|    registers_reg    | Flip-flop |  64   |  Y  | N  | N  | N  | N  | N  | N  |
|    registers_reg    | Flip-flop |  64   |  Y  | N  | N  | N  | N  | N  | N  |
|    registers_reg    | Flip-flop |  64   |  Y  | N  | N  | N  | N  | N  | N  |
|    registers_reg    | Flip-flop |  64   |  Y  | N  | N  | N  | N  | N  | N  |
|    registers_reg    | Flip-flop |  64   |  Y  | N  | N  | N  | N  | N  | N  |
|    registers_reg    | Flip-flop |  64   |  Y  | N  | N  | N  | N  | N  | N  |
|    registers_reg    | Flip-flop |  64   |  Y  | N  | N  | N  | N  | N  | N  |
|    registers_reg    | Flip-flop |  64   |  Y  | N  | N  | N  | N  | N  | N  |
|    registers_reg    | Flip-flop |  64   |  Y  | N  | N  | N  | N  | N  | N  |
|    registers_reg    | Flip-flop |  64   |  Y  | N  | N  | N  | N  | N  | N  |
|    registers_reg    | Flip-flop |  64   |  Y  | N  | N  | N  | N  | N  | N  |
|    registers_reg    | Flip-flop |  64   |  Y  | N  | N  | N  | N  | N  | N  |
|    registers_reg    | Flip-flop |  64   |  Y  | N  | N  | N  | N  | N  | N  |
|    registers_reg    | Flip-flop |  64   |  Y  | N  | N  | N  | N  | N  | N  |
|    registers_reg    | Flip-flop |  64   |  Y  | N  | N  | N  | N  | N  | N  |
|    registers_reg    | Flip-flop |  64   |  Y  | N  | N  | N  | N  | N  | N  |
|    registers_reg    | Flip-flop |  64   |  Y  | N  | N  | N  | N  | N  | N  |
|    registers_reg    | Flip-flop |  64   |  Y  | N  | N  | N  | N  | N  | N  |
|    registers_reg    | Flip-flop |  64   |  Y  | N  | N  | N  | N  | N  | N  |
===============================================================================
Statistics for MUX_OPs
===========================================================
| block name/line  | Inputs | Outputs | # sel inputs | MB |
===========================================================
|    regfile/27    |   32   |   64    |      5       | N  |
|    regfile/28    |   32   |   64    |      5       | N  |
===========================================================
Presto compilation completed successfully.
Current design is now '/afs/umich.edu/user/n/o/nowakmr/eecs470/eecs470/vsimp_base/verilog/pipeline.db:pipeline'
Loaded 10 designs.
Current design is 'pipeline'.
pipeline if_stage decoder id_stage alu brcond ex_stage mem_stage wb_stage regfile
set design_name pipeline
pipeline
set clock_name clock
clock
set CLK_PERIOD 30
30
#/***********************************************************/
#/* The rest of this file may be left alone for most small  */
#/* to moderate sized designs.  You may need to alter it    */
#/* when synthesizing your final project.                   */
#/***********************************************************/
set SYN_DIR ./
./
#/***********************************************************/
#/* Set some flags for optimisation */
set compile_top_all_paths "true"
true
set auto_wire_load_selection "false"
false
set compile_seqmap_synchronous_extraction "true"
true
#/***********************************************************/
#/*  Clk Periods/uncertainty/transition                     */
set CLK_TRANSITION 0.1
0.1
set CLK_UNCERTAINTY 0.1
0.1
set CLK_LATENCY 0.1
0.1
#/* Input/output Delay values */
set AVG_INPUT_DELAY 0.1
0.1
set AVG_OUTPUT_DELAY 0.1
0.1
#/* Critical Range (ns) */
set CRIT_RANGE 1.0
1.0
#/***********************************************************/
#/* Design Constrains: Not all used                         */
set MAX_TRANSITION 1.0
1.0
set FAST_TRANSITION 0.1
0.1
set MAX_FANOUT 32
32
set MID_FANOUT 8
8
set LOW_FANOUT 1
1
set HIGH_DRIVE 0
0
set HIGH_LOAD 1.0
1.0
set AVG_LOAD 0.1
0.1
set AVG_FANOUT_LOAD 10
10
#/***********************************************************/
#/*BASIC_INPUT = cb18os120_tsmc_max/nd02d1/A1
#BASIC_OUTPUT = cb18os120_tsmc_max/nd02d1/ZN*/
set DRIVING_CELL dffacs1
dffacs1
#/* DONT_USE_LIST = {   } */
#/*************operation cons**************/
#/*OP_WCASE = WCCOM;
#OP_BCASE = BCCOM;*/
set WIRE_LOAD "tsmcwire"
tsmcwire
set LOGICLIB lec25dscc25_TT
lec25dscc25_TT
#/*****************************/
#/* Sourcing the file that sets the Search path and the libraries(target,link) */
set sys_clk $clock_name
clock
set netlist_file [format "%s%s"  [format "%s%s"  $SYN_DIR $design_name] ".vg"]
./pipeline.vg
set ddc_file [format "%s%s"  [format "%s%s"  $SYN_DIR $design_name] ".ddc"]
./pipeline.ddc
set rep_file [format "%s%s"  [format "%s%s"  $SYN_DIR $design_name] ".rep"]
./pipeline.rep
set dc_shell_status [ set chk_file [format "%s%s"  [format "%s%s"  $SYN_DIR $design_name] ".chk"] ]
./pipeline.chk
#/* if we didnt find errors at this point, run */
if {  $dc_shell_status != [list] } {
   current_design $design_name
  link
  set_wire_load_model -name $WIRE_LOAD -lib $LOGICLIB $design_name
  set_wire_load_mode top
  set_fix_multiple_port_nets -outputs -buffer_constants
  create_clock -period $CLK_PERIOD -name $sys_clk [find port $sys_clk]
  set_clock_uncertainty $CLK_UNCERTAINTY $sys_clk
  set_fix_hold $sys_clk
  group_path -from [all_inputs] -name input_grp
  group_path -to [all_outputs] -name output_grp
  set_driving_cell  -lib_cell $DRIVING_CELL [all_inputs]
  remove_driving_cell [find port $sys_clk]
  set_fanout_load $AVG_FANOUT_LOAD [all_outputs]
  set_load $AVG_LOAD [all_outputs]
  set_input_delay $AVG_INPUT_DELAY -clock $sys_clk [all_inputs]
  remove_input_delay -clock $sys_clk [find port $sys_clk]
  set_output_delay $AVG_OUTPUT_DELAY -clock $sys_clk [all_outputs]
  set_critical_range $CRIT_RANGE [current_design]
  set_max_delay $CLK_PERIOD [all_outputs]
  set MAX_FANOUT $MAX_FANOUT
  set MAX_TRANSITION $MAX_TRANSITION
  uniquify
  ungroup -all -flatten
  redirect $chk_file { check_design }
  compile -map_effort medium
  write -hier -format verilog -output $netlist_file $design_name
  write -hier -format ddc -output $ddc_file $design_name
  redirect $rep_file { report_design -nosplit }
  redirect -append $rep_file { report_area }
  redirect -append $rep_file { report_timing -max_paths 2 -input_pins -nets -transition_time -nosplit }
  redirect -append $rep_file { report_constraint -max_delay -verbose -nosplit }
  remove_design -all
  read_file -format verilog $netlist_file
  current_design $design_name
  redirect -append $rep_file { report_reference -nosplit }
  quit
} else {
   quit
}
Current design is 'pipeline'.

  Linking design 'pipeline'
  Using the following designs and libraries:
  --------------------------------------------------------------------------
  * (10 designs)              /afs/umich.edu/user/n/o/nowakmr/eecs470/eecs470/vsimp_base/verilog/pipeline.db, etc
  lec25dscc25_TT (library)    /usr/caen/generic/mentor_lib-D.1/public/eecs470/synopsys/lec25dscc25_TT.db

Current design is 'pipeline'.
Information: Updating graph... (UID-83)
Warning: Design 'pipeline' contains 3 high-fanout nets. A fanout number of 1000 will be used for delay calculations involving these nets. (TIM-134)
Information: Evaluating DesignWare library utilization. (UISN-27)

============================================================================
| DesignWare Building Block Library  |         Version         | Available |
============================================================================
| Basic DW Building Blocks           | G-2012.06-DWBB_201206.0 |     *     |
| Licensed DW Building Blocks        |                         |           |
============================================================================


Information: There are 90 potential problems in your design. Please run 'check_design' for more information. (LINT-99)



  Beginning Pass 1 Mapping
  ------------------------
  Processing 'pipeline'

  Updating timing information
Information: Updating design information... (UID-85)

  Beginning Implementation Selection
  ----------------------------------
  Processing 'pipeline_DW01_cmp6_0'
  Processing 'pipeline_DW01_ash_0'
  Processing 'pipeline_DW01_sub_0'
  Processing 'pipeline_DW01_ash_1'
  Processing 'pipeline_DW01_sub_1'
  Processing 'pipeline_DW01_add_0'
  Processing 'pipeline_DW01_cmp6_1'
  Processing 'pipeline_DW01_cmp6_2'
  Processing 'pipeline_DW01_add_1'
  Processing 'pipeline_DW01_cmp6_3'
  Processing 'pipeline_DW_rash_0'
  Processing 'pipeline_DW02_mult_0'
  Processing 'pipeline_DW01_add_2'

  Beginning Mapping Optimizations  (Medium effort)
  -------------------------------

   ELAPSED            WORST NEG TOTAL NEG  DESIGN                             MIN DELAY
    TIME      AREA      SLACK     SLACK   RULE COST         ENDPOINT            COST   
  --------- --------- --------- --------- --------- ------------------------- ---------
    0:00:34 2320259.2      0.00       0.0     621.6                                0.00
    0:00:34 2320259.2      0.00       0.0     621.6                                0.00
    0:00:39 2183410.5      0.00       0.0     255.9                                0.00
    0:00:39 2183410.5      0.00       0.0     255.9                                0.00
    0:00:39 2183410.5      0.00       0.0     255.9                                0.00
    0:00:40 2183410.5      0.00       0.0     255.9                                0.00
    0:00:40 2183410.5      0.00       0.0     255.9                                0.00
    0:00:40 2183410.5      0.00       0.0     255.9                                0.00
    0:00:47 1444717.1      1.29       2.2       8.0                                0.00
    0:00:48 1439589.5      1.31       2.5       8.0                                0.00
    0:00:50 1439830.2      0.99       1.4       8.0                                0.00
    0:00:50 1440113.6      0.86       1.3       8.0                                0.00
    0:00:51 1440314.8      0.75       1.1       8.0                                0.00
    0:00:52 1440422.6      0.69       1.0       8.0                                0.00
    0:00:52 1440522.4      0.68       1.0       8.0                                0.00
    0:00:52 1440472.4      0.67       0.9       8.0                                0.00
    0:00:53 1440472.1      0.61       0.9       8.0                                0.00
    0:00:53 1440521.6      0.46       0.5       8.0                                0.00
    0:00:53 1440679.2      0.40       0.4       8.0                                0.00
    0:00:53 1440961.1      0.31       0.3       8.0                                0.00
    0:00:53 1440836.7      0.25       0.3       8.0                                0.00
    0:00:54 1440919.8      0.24       0.2       8.0                                0.00
    0:00:54 1441068.8      0.24       0.2       8.0                                0.00
    0:00:54 1441516.6      0.22       0.2       8.0                                0.00
    0:00:54 1442109.7      0.06       0.1       8.0                                0.00
    0:00:54 1442659.5      0.03       0.0       8.0                                0.00
    0:00:55 1442468.5      0.03       0.0       8.0                                0.00
    0:00:55 1442468.5      0.03       0.0       8.0                                0.00
    0:00:55 1442468.5      0.03       0.0       8.0                                0.00
    0:00:55 1442402.0      0.03       0.0       0.1                                0.00
    0:00:55 1442435.2      0.03       0.0       0.0                                0.00
    0:00:55 1442435.2      0.03       0.0       0.0                                0.00
    0:00:55 1442435.2      0.03       0.0       0.0                                0.00
    0:00:55 1442435.2      0.03       0.0       0.0                                0.00
    0:00:55 1442426.9      0.00       0.0       0.0                                0.00



  Beginning Delay Optimization Phase
  ----------------------------------

   ELAPSED            WORST NEG TOTAL NEG  DESIGN                             MIN DELAY
    TIME      AREA      SLACK     SLACK   RULE COST         ENDPOINT            COST   
  --------- --------- --------- --------- --------- ------------------------- ---------
    0:00:55 1442426.9      0.00       0.0       0.0                                0.00
    0:00:55 1442426.9      0.00       0.0       0.0                                0.00
    0:01:07 1402219.4      0.00       0.0    1010.6                                0.00


  Beginning Design Rule Fixing  (min_path)  (max_transition)  (max_fanout)
  ----------------------------

   ELAPSED            WORST NEG TOTAL NEG  DESIGN                             MIN DELAY
    TIME      AREA      SLACK     SLACK   RULE COST         ENDPOINT            COST   
  --------- --------- --------- --------- --------- ------------------------- ---------
    0:01:08 1402219.4      0.00       0.0    1010.6                               -4.43
    0:01:08 1404605.6      0.00       0.0     358.5 n623                          -4.43
    0:01:09 1409102.4      0.00       0.0       0.0                                0.00


  Beginning Critical Range Optimization
  -------------------------------------

   ELAPSED            WORST NEG TOTAL NEG  DESIGN                             MIN DELAY
    TIME      AREA      SLACK     SLACK   RULE COST         ENDPOINT            COST   
  --------- --------- --------- --------- --------- ------------------------- ---------
    0:01:09 1409102.4      0.00       0.0       0.0                                0.00


  Beginning Area-Recovery Phase  (cleanup)
  -----------------------------

   ELAPSED            WORST NEG TOTAL NEG  DESIGN                             MIN DELAY
    TIME      AREA      SLACK     SLACK   RULE COST         ENDPOINT            COST   
  --------- --------- --------- --------- --------- ------------------------- ---------
    0:01:09 1409102.4      0.00       0.0       0.0                                0.00
    0:01:09 1409102.4      0.00       0.0       0.0                                0.00
    0:01:09 1409102.4      0.00       0.0       0.0                                0.00
    0:01:10 1398252.4      0.00       0.0       0.0                                0.00
    0:01:11 1390480.6      0.06       0.1       0.0                                0.00
    0:01:12 1385466.8      0.04       0.0       0.0                                0.00
    0:01:12 1383586.0      0.04       0.0       0.0                                0.00
    0:01:13 1382549.4      0.04       0.0       0.0                                0.00
    0:01:13 1381947.4      0.03       0.0       0.0                                0.00
    0:01:14 1381546.1      0.03       0.0       0.0                                0.00
    0:01:14 1381211.6      0.03       0.0       0.0                                0.00
    0:01:14 1380877.3      0.03       0.0       0.0                                0.00
    0:01:14 1380643.3      0.03       0.0       0.0                                0.00
    0:01:14 1380442.7      0.03       0.0       0.0                                0.00
    0:01:15 1380242.0      0.03       0.0       0.0                                0.00
    0:01:15 1380041.5      0.03       0.0       0.0                                0.00
    0:01:15 1379840.8      0.03       0.0       0.0                                0.00
    0:01:15 1379640.2      0.03       0.0       0.0                                0.00
    0:01:15 1379439.6      0.03       0.0       0.0                                0.00
    0:01:15 1379439.6      0.03       0.0       0.0                                0.00
    0:01:15 1379439.6      0.00       0.0       0.0                               -0.00
    0:01:15 1379439.6      0.00       0.0       0.0                               -0.00
    0:01:16 1379439.6      0.00       0.0       0.0                               -0.00
    0:01:16 1378361.3      0.00       0.0       0.0                               -0.00
    0:01:16 1378270.1      0.00       0.0       0.0                               -0.00
    0:01:16 1378212.0      0.00       0.0       0.0                               -0.00
    0:01:16 1378212.0      0.00       0.0       0.0                               -0.00
    0:01:16 1378212.0      0.00       0.0       0.0                               -0.00
    0:01:16 1378212.0      0.00       0.0       0.0                               -0.00
    0:01:16 1378212.0      0.00       0.0       0.0                               -0.00
    0:01:16 1378212.0      0.00       0.0       0.0                               -0.00
    0:01:16 1378328.2      0.00       0.0       0.0                               -0.00
    0:01:16 1378453.3      0.00       0.0       0.0                                0.00


  Beginning Critical Range Optimization
  -------------------------------------

   ELAPSED            WORST NEG TOTAL NEG  DESIGN                             MIN DELAY
    TIME      AREA      SLACK     SLACK   RULE COST         ENDPOINT            COST   
  --------- --------- --------- --------- --------- ------------------------- ---------
    0:01:16 1378453.3      0.00       0.0       0.0                                0.00
    0:01:17 1378619.5      0.00       0.0       0.0                                0.00
Loading db file '/usr/caen/generic/mentor_lib-D.1/public/eecs470/synopsys/lec25dscc25_TT.db'

  Optimization Complete
  ---------------------
Warning: Design 'pipeline' contains 1 high-fanout nets. A fanout number of 1000 will be used for delay calculations involving these nets. (TIM-134)
     Net 'clock': 2859 load(s), 1 driver(s)
Writing verilog file '/afs/umich.edu/user/n/o/nowakmr/eecs470/eecs470/vsimp_base/synth/pipeline.vg'.
Warning: Verilog 'assign' or 'tran' statements are written out. (VO-4)
Warning: Verilog writer has added 64 nets to module pipeline using SYNOPSYS_UNCONNECTED_ as prefix.  Please use the change_names command to make the correct changes before invoking the verilog writer.  (VO-11)
Writing ddc file './pipeline.ddc'.
Removing design 'pipeline'
Removing design 'pipeline_DW01_cmp6_0'
Removing design 'pipeline_DW01_ash_1'
Removing design 'pipeline_DW01_sub_1'
Removing design 'pipeline_DW01_add_0'
Removing design 'pipeline_DW01_add_1'
Removing design 'pipeline_DW01_cmp6_3'
Removing design 'pipeline_DW_rash_0'
Removing design 'pipeline_DW02_mult_0'
Removing library 'lec25dscc25_TT'
Removing library 'gtech'
Removing library 'standard.sldb'
Loading db file '/usr/caen/generic/mentor_lib-D.1/public/eecs470/synopsys/lec25dscc25_TT.db'
Loading db file '/usr/caen/synopsys-synth-2012.06/libraries/syn/gtech.db'
Loading db file '/usr/caen/synopsys-synth-2012.06/libraries/syn/standard.sldb'
  Loading link library 'lec25dscc25_TT'
  Loading link library 'gtech'
Loading verilog file '/afs/umich.edu/user/n/o/nowakmr/eecs470/eecs470/vsimp_base/synth/pipeline.vg'
Detecting input file type automatically (-rtl or -netlist).
Running DC verilog reader
Performing 'read' command.
Compiling source file /afs/umich.edu/user/n/o/nowakmr/eecs470/eecs470/vsimp_base/synth/pipeline.vg
Reading with netlist reader (equivalent to -netlist option).
Verilog netlist reader completed successfully.
Current design is now '/afs/umich.edu/user/n/o/nowakmr/eecs470/eecs470/vsimp_base/synth/pipeline_DW01_cmp6_0.db:pipeline_DW01_cmp6_0'
Loaded 9 designs.
Current design is 'pipeline_DW01_cmp6_0'.
Current design is 'pipeline'.

Thank you...
