# Preference setting overrides
gui_set_pref_value -category {Data} -key {showValueAnnotation} -value {true}
gui_create_pref_key -category {Globals} -key {load_detail_for_funcov} -value_type {bool} -value {false}
gui_set_pref_value -category {Source} -key {value_annotate} -value {true}
gui_create_pref_category -category {schem_obj_name}
gui_create_pref_key -category {schem_obj_name} -key {show_cell_and_pin_with_symbol_name} -value_type {bool} -value {false}
gui_create_pref_key -category {schem_pin_hc} -key {textExtFont} -value_type {string} -value {Helvetica,10,-1,5,50,0,0,0,0,0}

# State setting overrides
gui_state_default_create -off -ini
gui_set_state_value -category Layout -key child_console_size_x -value 1688
gui_set_state_value -category Layout -key child_console_size_y -value 175
gui_set_state_value -category Layout -key child_data_colvariable -value 192
gui_set_state_value -category Layout -key child_data_size_x -value 329
gui_set_state_value -category Layout -key child_data_size_y -value 777
gui_set_state_value -category Layout -key child_hier_colhier -value 201
gui_set_state_value -category Layout -key child_hier_coltype -value 107
gui_set_state_value -category Layout -key child_hier_size_x -value 302
gui_set_state_value -category Layout -key child_hier_size_y -value 777
gui_set_state_value -category Layout -key child_schematic_docknewline -value false
gui_set_state_value -category Layout -key child_schematic_pos_x -value {-2}
gui_set_state_value -category Layout -key child_schematic_pos_y -value {-15}
gui_set_state_value -category Layout -key child_schematic_size_x -value 1182
gui_set_state_value -category Layout -key child_schematic_size_y -value 790
gui_set_state_value -category Layout -key child_source_docknewline -value false
gui_set_state_value -category Layout -key child_source_pos_x -value {-2}
gui_set_state_value -category Layout -key child_source_pos_y -value {-15}
gui_set_state_value -category Layout -key child_source_size_x -value 1060
gui_set_state_value -category Layout -key child_source_size_y -value 772
gui_set_state_value -category Layout -key child_wave_colname -value 233
gui_set_state_value -category Layout -key child_wave_colvalue -value 233
gui_set_state_value -category Layout -key child_wave_left -value 470
gui_set_state_value -category Layout -key child_wave_right -value 1146
gui_set_state_value -category Layout -key main_pos_x -value 32
gui_set_state_value -category Layout -key main_pos_y -value 119
gui_set_state_value -category Layout -key main_size_x -value 1720
gui_set_state_value -category Layout -key main_size_y -value 1170
gui_set_state_value -category Layout -key stand_wave_child_docknewline -value false
gui_set_state_value -category Layout -key stand_wave_child_pos_x -value {-2}
gui_set_state_value -category Layout -key stand_wave_child_pos_y -value {-15}
gui_set_state_value -category Layout -key stand_wave_child_size_x -value 1626
gui_set_state_value -category Layout -key stand_wave_child_size_y -value 849
gui_set_state_value -category Layout -key stand_wave_top_pos_x -value 249
gui_set_state_value -category Layout -key stand_wave_top_pos_y -value 217
gui_set_state_value -category Layout -key stand_wave_top_size_x -value 1870
gui_set_state_value -category Layout -key stand_wave_top_size_y -value 1170
gui_create_state_key -category FindDialog -key m_pMatchCase -value_type bool -value false
gui_create_state_key -category FindDialog -key m_pMatchWord -value_type bool -value false
gui_create_state_key -category FindDialog -key m_pUseCombo -value_type string -value {}
gui_create_state_key -category FindDialog -key m_pWrapAround -value_type bool -value true
gui_create_state_key -category Widget_History -key TopLevel.1|qt_left_dock|DockWnd2|DLPane.1|pages|Data.1|hbox|textfilter -value_type string -value {*valid* *valid valid}
gui_state_default_create -off

# Begin command logging
gui_sim_run Ucli -exe dve_simv -args {-ucligui  +v2k +vc +memcbk} -dir .
gui_list_expand -id  Hier.1   testbench
gui_list_expand -id  Hier.1   testbench.pipeline_0
gui_list_select -id Hier.1 -selected  { testbench.pipeline_0   }
gui_list_select -id Hier.1 -selected  { testbench   }
gui_list_select -id Data.1 -selected  { {testbench.pipeline_error_status[3:0]}   }
gui_list_select -id Data.1 -selected  { {testbench.pipeline_error_status[3:0]}  testbench.clock   }
gui_list_select -id Data.1 -selected  { {testbench.pipeline_error_status[3:0]}  testbench.clock  testbench.reset   }
gui_open_window Wave
gui_list_add -id Wave.1 -from Data.1 { {testbench.pipeline_error_status[3:0]} testbench.clock testbench.reset } -insertionbar
gui_sim_continue  
gui_sim_stop 
gui_wv_scrollright -id  Wave.1  line
gui_wv_scroll_hslidermove -id  Wave.1 0
gui_list_select -id Hier.1 -selected  {  }
gui_list_select -id Hier.1 -selected  { testbench.pipeline_0   }
gui_list_sort -id  Data.1   {Variable}
gui_list_select -id Data.1 -selected  { testbench.pipeline_0.halted   }
gui_list_add -id Wave.1 -from Data.1 { testbench.pipeline_0.halted } -insertionbar
gui_marker_move -id  Wave.1 C1 342
gui_sim_restart
gui_set_pref_value -category {Source} -key {value_annotate} -value {false}
gui_set_pref_value -category {Source} -key {value_annotate} -value {true}
